2024-10-14 22:20:39,203 [INFO] Activator:176 - 


2024-10-14 22:20:39,206 [INFO] Activator:177 - !SESSION log4j initialized
2024-10-14 22:20:41,794 [INFO] LogOutputStream:77 - [STDOUT_REDIRECT] 
2024-10-14 22:20:43,751 [INFO] ApplicationProperties:184 - Using Application install path: D:\STM32IDE\STM32CubeIDE_1.16.0\STM32CubeIDE\plugins\com.st.stm32cube.common.mx_6.12.0.202406281431
2024-10-14 22:20:43,775 [INFO] DbMcusXml:78 - Set database path to: D:\STM32IDE\STM32CubeIDE_1.16.0\STM32CubeIDE\plugins\com.st.stm32cube.common.mx_6.12.0.202406281431\\db\/mcu/
2024-10-14 22:20:43,776 [INFO] ApiDb:274 - Set plugin database path to: D:\STM32IDE\STM32CubeIDE_1.16.0\STM32CubeIDE\plugins\com.st.stm32cube.common.mx_6.12.0.202406281431\\db\/plugins/boardmanager/
2024-10-14 22:20:43,776 [WARN] ApiDb:259 - Overriding images path with different value:  => D:\STM32IDE\STM32CubeIDE_1.16.0\STM32CubeIDE\plugins\com.st.stm32cube.common.mx_6.12.0.202406281431\\db\/plugins/mcufinder/images/
2024-10-14 22:20:43,786 [INFO] ApiDb:250 - Set database path to: C:\Users\User\.stmcufinder\plugins\mcufinder//mcu/
2024-10-14 22:20:43,788 [INFO] DbMcusAds:125 - Set database path to: C:\Users\User\.stmcufinder\plugins\mcufinder//mcu/
2024-10-14 22:20:43,792 [INFO] CrossReferenceDbSqlite:203 - Set database path to: C:\Users\User\.stmcufinder\plugins\mcufinder//mcu/cs/
2024-10-14 22:20:43,918 [INFO] RulesReader:64 - Compatibility file has been processed (297 Rules)
2024-10-14 22:20:44,016 [INFO] DbMcusXml:78 - Set database path to: D:\STM32IDE\STM32CubeIDE_1.16.0\STM32CubeIDE\plugins\com.st.stm32cube.common.mx_6.12.0.202406281431\\db\/mcu/
2024-10-14 22:20:44,016 [INFO] ApiDb:274 - Set plugin database path to: D:\STM32IDE\STM32CubeIDE_1.16.0\STM32CubeIDE\plugins\com.st.stm32cube.common.mx_6.12.0.202406281431\\db\/plugins/boardmanager/
2024-10-14 22:20:44,016 [INFO] ApiDb:261 - Set plugin images path to: D:\STM32IDE\STM32CubeIDE_1.16.0\STM32CubeIDE\plugins\com.st.stm32cube.common.mx_6.12.0.202406281431\\db\/plugins/mcufinder/images/
2024-10-14 22:20:44,016 [WARN] DbFile:41 - Overriding database path with different value: C:\Users\User\.stmcufinder\plugins\mcufinder/ => C:\Users\User\.stmcufinder\plugins\mcufinder
2024-10-14 22:20:44,016 [INFO] ApiDb:250 - Set database path to: C:\Users\User\.stmcufinder\plugins\mcufinder//mcu/
2024-10-14 22:20:44,016 [WARN] DbFile:41 - Overriding database path with different value: C:\Users\User\.stmcufinder\plugins\mcufinder/ => C:\Users\User\.stmcufinder\plugins\mcufinder
2024-10-14 22:20:44,017 [INFO] DbMcusAds:125 - Set database path to: C:\Users\User\.stmcufinder\plugins\mcufinder//mcu/
2024-10-14 22:20:44,017 [WARN] DbFile:41 - Overriding database path with different value: C:\Users\User\.stmcufinder\plugins\mcufinder/ => C:\Users\User\.stmcufinder\plugins\mcufinder
2024-10-14 22:20:44,017 [WARN] DbFile:41 - Overriding database path with different value: C:\Users\User\.stmcufinder\plugins\mcufinder/ => C:\Users\User\.stmcufinder\plugins\mcufinder
2024-10-14 22:20:44,017 [INFO] CrossReferenceDbSqlite:203 - Set database path to: C:\Users\User\.stmcufinder\plugins\mcufinder//mcu/cs/
2024-10-14 22:20:44,113 [INFO] MainPanel:268 - HeapMemory: 268435456
2024-10-14 22:20:44,263 [INFO] DbMcusXml:78 - Set database path to: D:\STM32IDE\STM32CubeIDE_1.16.0\STM32CubeIDE\plugins\com.st.stm32cube.common.mx_6.12.0.202406281431\\db\/mcu/
2024-10-14 22:20:44,264 [INFO] ApiDb:274 - Set plugin database path to: D:\STM32IDE\STM32CubeIDE_1.16.0\STM32CubeIDE\plugins\com.st.stm32cube.common.mx_6.12.0.202406281431\\db\/plugins/boardmanager/
2024-10-14 22:20:44,264 [INFO] ApiDb:261 - Set plugin images path to: D:\STM32IDE\STM32CubeIDE_1.16.0\STM32CubeIDE\plugins\com.st.stm32cube.common.mx_6.12.0.202406281431\\db\/plugins/mcufinder/images/
2024-10-14 22:20:44,264 [WARN] DbFile:41 - Overriding database path with different value: C:\Users\User\.stmcufinder\plugins\mcufinder/ => C:\Users\User\.stmcufinder\plugins\mcufinder
2024-10-14 22:20:44,264 [INFO] ApiDb:250 - Set database path to: C:\Users\User\.stmcufinder\plugins\mcufinder//mcu/
2024-10-14 22:20:44,265 [WARN] DbFile:41 - Overriding database path with different value: C:\Users\User\.stmcufinder\plugins\mcufinder/ => C:\Users\User\.stmcufinder\plugins\mcufinder
2024-10-14 22:20:44,265 [INFO] DbMcusAds:125 - Set database path to: C:\Users\User\.stmcufinder\plugins\mcufinder//mcu/
2024-10-14 22:20:44,265 [WARN] DbFile:41 - Overriding database path with different value: C:\Users\User\.stmcufinder\plugins\mcufinder/ => C:\Users\User\.stmcufinder\plugins\mcufinder
2024-10-14 22:20:44,265 [WARN] DbFile:41 - Overriding database path with different value: C:\Users\User\.stmcufinder\plugins\mcufinder/ => C:\Users\User\.stmcufinder\plugins\mcufinder
2024-10-14 22:20:44,265 [INFO] CrossReferenceDbSqlite:203 - Set database path to: C:\Users\User\.stmcufinder\plugins\mcufinder//mcu/cs/
2024-10-14 22:20:44,292 [INFO] ApplicationProperties:184 - Using Application install path: D:\STM32IDE\STM32CubeIDE_1.16.0\STM32CubeIDE\plugins\com.st.stm32cube.common.mx_6.12.0.202406281431
2024-10-14 22:20:44,295 [INFO] PluginManage:196 - Search for loadable plugins [exclusion list=, ]
2024-10-14 22:20:44,297 [INFO] PluginManage:310 - Check plugin analytics
2024-10-14 22:20:44,507 [INFO] AnalyticsPlugin:253 - Accepted Software Licenses: 
2024-10-14 22:20:44,507 [INFO] AnalyticsPlugin:255 - Accepted CMSIS Pack Licenses: 
2024-10-14 22:20:44,507 [INFO] AnalyticsPlugin:257 - Accepted Firmware Licenses: FW.G4.1.6.0
2024-10-14 22:20:44,509 [INFO] PluginManage:359 - Loaded plugin analytics (category:tool,tabindex:-1)
2024-10-14 22:20:44,509 [INFO] PluginManage:310 - Check plugin cadmodel
2024-10-14 22:20:44,513 [INFO] CADModel:105 - Init CAD model plugin
2024-10-14 22:20:44,514 [INFO] PluginManage:359 - Loaded plugin cadmodel (category:power,tabindex:5)
2024-10-14 22:20:44,514 [INFO] PluginManage:310 - Check plugin clock
2024-10-14 22:20:44,523 [INFO] PluginManage:359 - Loaded plugin clock (category:base,tabindex:2)
2024-10-14 22:20:44,523 [INFO] PluginManage:310 - Check plugin ddr
2024-10-14 22:20:44,525 [INFO] PluginManage:359 - Loaded plugin ddr (category:tool,tabindex:6)
2024-10-14 22:20:44,525 [INFO] PluginManage:310 - Check plugin filemanager
2024-10-14 22:20:44,672 [INFO] PluginManage:359 - Loaded plugin filemanager (category:base,tabindex:10)
2024-10-14 22:20:44,673 [INFO] PluginManage:310 - Check plugin ipmanager
2024-10-14 22:20:44,680 [INFO] PluginManage:359 - Loaded plugin ipmanager (category:base,tabindex:5)
2024-10-14 22:20:44,680 [INFO] PluginManage:310 - Check plugin lpbam
2024-10-14 22:20:44,688 [INFO] PluginManage:359 - Loaded plugin lpbam (category:base,tabindex:0)
2024-10-14 22:20:44,688 [INFO] PluginManage:310 - Check plugin memorymap
2024-10-14 22:20:44,703 [INFO] PluginManage:359 - Loaded plugin memorymap (category:base,tabindex:4)
2024-10-14 22:20:44,703 [INFO] PluginManage:310 - Check plugin pinoutandconfiguration
2024-10-14 22:20:44,711 [INFO] PluginManage:359 - Loaded plugin pinoutandconfiguration (category:base,tabindex:1)
2024-10-14 22:20:44,711 [INFO] PluginManage:310 - Check plugin pinoutconfig
2024-10-14 22:20:44,810 [WARN] SupportedApi:132 - Cannot load RTOS API schema: s4s-elt-must-match.1: The content of 'definitions' must match (annotation?, (simpleType | complexType)?, (unique | key | keyref)*)). A problem was found starting at: attribute.
2024-10-14 22:20:44,994 [INFO] PluginManage:359 - Loaded plugin pinoutconfig (category:base,tabindex:0)
2024-10-14 22:20:44,994 [INFO] PluginManage:310 - Check plugin power
2024-10-14 22:20:45,003 [INFO] PluginManage:359 - Loaded plugin power (category:power,tabindex:4)
2024-10-14 22:20:45,004 [INFO] PluginManage:310 - Check plugin projectmanager
2024-10-14 22:20:45,024 [INFO] PluginManage:359 - Loaded plugin projectmanager (category:projectmanager,tabindex:4)
2024-10-14 22:20:45,024 [INFO] PluginManage:310 - Check plugin rif
2024-10-14 22:20:45,031 [INFO] PluginManage:359 - Loaded plugin rif (category:base,tabindex:3)
2024-10-14 22:20:45,032 [INFO] PluginManage:310 - Check plugin thirdparty
2024-10-14 22:20:45,167 [WARN] IntegrityCheckThread:84 - waiting for thirdparty lock release [integrity check]
2024-10-14 22:20:45,167 [INFO] PluginManage:359 - Loaded plugin thirdparty (category:base,tabindex:-1)
2024-10-14 22:20:45,167 [INFO] IntegrityCheckThread:86 - entering critical section [integrity check]
2024-10-14 22:20:45,167 [INFO] PluginManage:310 - Check plugin tools
2024-10-14 22:20:45,168 [INFO] ThirdPartyUpdaterWithRetryManager:70 - Updater plugin not ready yet. [1/15]
2024-10-14 22:20:45,169 [INFO] PluginManage:359 - Loaded plugin tools (category:base,tabindex:7)
2024-10-14 22:20:45,170 [INFO] PluginManage:310 - Check plugin tutovideos
2024-10-14 22:20:45,363 [INFO] PluginManage:359 - Loaded plugin tutovideos (category:base,tabindex:-1)
2024-10-14 22:20:45,363 [INFO] PluginManage:310 - Check plugin updater
2024-10-14 22:20:45,382 [INFO] PluginManage:359 - Loaded plugin updater (category:base,tabindex:12)
2024-10-14 22:20:45,383 [INFO] PluginManage:310 - Check plugin userauth
2024-10-14 22:20:45,388 [INFO] UserAuth:113 - Init User Auth plugin
2024-10-14 22:20:45,388 [INFO] PluginManage:359 - Loaded plugin userauth (category:base,tabindex:14)
2024-10-14 22:20:45,389 [INFO] PluginManage:283 - PluginManage : Loaded plugins [18]
2024-10-14 22:20:45,654 [INFO] PinOutPanel:1561 - setPackage(No Configuration,No Configuration)
2024-10-14 22:20:45,747 [INFO] CADModel:165 - CPN selected for project level
2024-10-14 22:20:45,747 [INFO] CADModel:114 - Register for checkConnection events
2024-10-14 22:20:45,765 [INFO] IPUIPlugin:80 - create IPUIPlugin
2024-10-14 22:20:45,766 [INFO] PluginManager:220 - loadIPPluginJar : add adc
2024-10-14 22:20:45,768 [INFO] IPUIPlugin:80 - create IPUIPlugin
2024-10-14 22:20:45,768 [INFO] PluginManager:220 - loadIPPluginJar : add aes
2024-10-14 22:20:45,770 [INFO] IPUIPlugin:80 - create IPUIPlugin
2024-10-14 22:20:45,770 [INFO] PluginManager:220 - loadIPPluginJar : add can
2024-10-14 22:20:45,771 [INFO] IPUIPlugin:80 - create IPUIPlugin
2024-10-14 22:20:45,771 [INFO] PluginManager:220 - loadIPPluginJar : add comp
2024-10-14 22:20:45,773 [INFO] IPUIPlugin:80 - create IPUIPlugin
2024-10-14 22:20:45,773 [INFO] PluginManager:220 - loadIPPluginJar : add cryp
2024-10-14 22:20:45,776 [INFO] IPUIPlugin:80 - create IPUIPlugin
2024-10-14 22:20:45,776 [INFO] PluginManager:220 - loadIPPluginJar : add ddr_ctrl_phy
2024-10-14 22:20:45,778 [INFO] IPUIPlugin:80 - create IPUIPlugin
2024-10-14 22:20:45,779 [INFO] PluginManager:220 - loadIPPluginJar : add dfsdm
2024-10-14 22:20:45,783 [INFO] IPUIPlugin:80 - create IPUIPlugin
2024-10-14 22:20:45,783 [INFO] PluginManager:220 - loadIPPluginJar : add dma
2024-10-14 22:20:45,785 [INFO] IPUIPlugin:80 - create IPUIPlugin
2024-10-14 22:20:45,785 [INFO] PluginManager:220 - loadIPPluginJar : add dma3
2024-10-14 22:20:45,788 [INFO] IPUIPlugin:80 - create IPUIPlugin
2024-10-14 22:20:45,788 [INFO] PluginManager:220 - loadIPPluginJar : add extmemmanager
2024-10-14 22:20:45,790 [INFO] IPUIPlugin:80 - create IPUIPlugin
2024-10-14 22:20:45,790 [INFO] PluginManager:220 - loadIPPluginJar : add fatfs
2024-10-14 22:20:45,794 [INFO] IPUIPlugin:80 - create IPUIPlugin
2024-10-14 22:20:45,794 [INFO] PluginManager:220 - loadIPPluginJar : add fmc
2024-10-14 22:20:45,798 [INFO] IPUIPlugin:80 - create IPUIPlugin
2024-10-14 22:20:45,799 [INFO] PluginManager:220 - loadIPPluginJar : add freertos
2024-10-14 22:20:45,800 [INFO] IPUIPlugin:80 - create IPUIPlugin
2024-10-14 22:20:45,800 [INFO] PluginManager:220 - loadIPPluginJar : add genericplugin
2024-10-14 22:20:45,802 [INFO] IPUIPlugin:80 - create IPUIPlugin
2024-10-14 22:20:45,802 [INFO] PluginManager:220 - loadIPPluginJar : add gfxmmu
2024-10-14 22:20:45,808 [INFO] IPUIPlugin:80 - create IPUIPlugin
2024-10-14 22:20:45,808 [INFO] PluginManager:220 - loadIPPluginJar : add gic
2024-10-14 22:20:45,811 [INFO] IPUIPlugin:80 - create IPUIPlugin
2024-10-14 22:20:45,812 [INFO] PluginManager:220 - loadIPPluginJar : add gpio
2024-10-14 22:20:45,815 [INFO] IPUIPlugin:80 - create IPUIPlugin
2024-10-14 22:20:45,815 [INFO] PluginManager:220 - loadIPPluginJar : add gtzc
2024-10-14 22:20:45,817 [INFO] IPUIPlugin:80 - create IPUIPlugin
2024-10-14 22:20:45,817 [INFO] PluginManager:220 - loadIPPluginJar : add hash
2024-10-14 22:20:45,820 [INFO] IPUIPlugin:80 - create IPUIPlugin
2024-10-14 22:20:45,820 [INFO] PluginManager:220 - loadIPPluginJar : add i2c
2024-10-14 22:20:45,822 [INFO] IPUIPlugin:80 - create IPUIPlugin
2024-10-14 22:20:45,822 [INFO] PluginManager:220 - loadIPPluginJar : add i2s
2024-10-14 22:20:45,825 [INFO] IPUIPlugin:80 - create IPUIPlugin
2024-10-14 22:20:45,825 [INFO] PluginManager:220 - loadIPPluginJar : add i3c
2024-10-14 22:20:45,830 [INFO] IPUIPlugin:80 - create IPUIPlugin
2024-10-14 22:20:45,830 [INFO] PluginManager:220 - loadIPPluginJar : add ipddr
2024-10-14 22:20:45,837 [INFO] IPUIPlugin:80 - create IPUIPlugin
2024-10-14 22:20:45,838 [INFO] PluginManager:220 - loadIPPluginJar : add linkedlist
2024-10-14 22:20:45,840 [INFO] IPUIPlugin:80 - create IPUIPlugin
2024-10-14 22:20:45,840 [INFO] PluginManager:220 - loadIPPluginJar : add lorawan
2024-10-14 22:20:45,841 [INFO] IPUIPlugin:80 - create IPUIPlugin
2024-10-14 22:20:45,841 [INFO] PluginManager:220 - loadIPPluginJar : add ltdc
2024-10-14 22:20:45,847 [INFO] IPUIPlugin:80 - create IPUIPlugin
2024-10-14 22:20:45,848 [INFO] PluginManager:220 - loadIPPluginJar : add mdma
2024-10-14 22:20:45,850 [INFO] IPUIPlugin:80 - create IPUIPlugin
2024-10-14 22:20:45,850 [INFO] PluginManager:220 - loadIPPluginJar : add nvic
2024-10-14 22:20:45,853 [INFO] IPUIPlugin:80 - create IPUIPlugin
2024-10-14 22:20:45,853 [INFO] PluginManager:220 - loadIPPluginJar : add opamp
2024-10-14 22:20:45,857 [INFO] IPUIPlugin:80 - create IPUIPlugin
2024-10-14 22:20:45,857 [INFO] PluginManager:220 - loadIPPluginJar : add openamp
2024-10-14 22:20:45,860 [INFO] IPUIPlugin:80 - create IPUIPlugin
2024-10-14 22:20:45,860 [INFO] PluginManager:220 - loadIPPluginJar : add pdm2pcm
2024-10-14 22:20:45,865 [INFO] IPUIPlugin:80 - create IPUIPlugin
2024-10-14 22:20:45,868 [INFO] PluginManager:220 - loadIPPluginJar : add plateformsettings
2024-10-14 22:20:45,870 [INFO] IPUIPlugin:80 - create IPUIPlugin
2024-10-14 22:20:45,870 [INFO] PluginManager:220 - loadIPPluginJar : add quadspi
2024-10-14 22:20:45,871 [INFO] IPUIPlugin:80 - create IPUIPlugin
2024-10-14 22:20:45,872 [INFO] PluginManager:220 - loadIPPluginJar : add radio
2024-10-14 22:20:45,874 [INFO] IPUIPlugin:80 - create IPUIPlugin
2024-10-14 22:20:45,875 [INFO] PluginManager:220 - loadIPPluginJar : add resmgrutility
2024-10-14 22:20:45,877 [INFO] IPUIPlugin:80 - create IPUIPlugin
2024-10-14 22:20:45,877 [INFO] PluginManager:220 - loadIPPluginJar : add sai
2024-10-14 22:20:45,879 [INFO] IPUIPlugin:80 - create IPUIPlugin
2024-10-14 22:20:45,879 [INFO] PluginManager:220 - loadIPPluginJar : add spi
2024-10-14 22:20:45,884 [INFO] IPUIPlugin:80 - create IPUIPlugin
2024-10-14 22:20:45,885 [INFO] PluginManager:220 - loadIPPluginJar : add stm32_wpan
2024-10-14 22:20:45,886 [INFO] IPUIPlugin:80 - create IPUIPlugin
2024-10-14 22:20:45,886 [INFO] PluginManager:220 - loadIPPluginJar : add tim
2024-10-14 22:20:45,888 [INFO] IPUIPlugin:80 - create IPUIPlugin
2024-10-14 22:20:45,889 [INFO] PluginManager:220 - loadIPPluginJar : add touchsensing
2024-10-14 22:20:45,890 [INFO] IPUIPlugin:80 - create IPUIPlugin
2024-10-14 22:20:45,891 [INFO] PluginManager:220 - loadIPPluginJar : add tracer_emb
2024-10-14 22:20:45,892 [INFO] IPUIPlugin:80 - create IPUIPlugin
2024-10-14 22:20:45,893 [INFO] PluginManager:220 - loadIPPluginJar : add ts
2024-10-14 22:20:45,894 [INFO] IPUIPlugin:80 - create IPUIPlugin
2024-10-14 22:20:45,894 [INFO] PluginManager:220 - loadIPPluginJar : add tsc
2024-10-14 22:20:45,897 [INFO] IPUIPlugin:80 - create IPUIPlugin
2024-10-14 22:20:45,897 [INFO] PluginManager:220 - loadIPPluginJar : add ucpd
2024-10-14 22:20:45,900 [INFO] IPUIPlugin:80 - create IPUIPlugin
2024-10-14 22:20:45,900 [INFO] PluginManager:220 - loadIPPluginJar : add usart
2024-10-14 22:20:45,903 [INFO] IPUIPlugin:80 - create IPUIPlugin
2024-10-14 22:20:45,903 [INFO] PluginManager:220 - loadIPPluginJar : add usbx
2024-10-14 22:20:46,031 [INFO] CADModel:165 - CPN selected for project level
2024-10-14 22:20:46,031 [INFO] CADModel:114 - Register for checkConnection events
2024-10-14 22:20:46,031 [FATAL] Updater:334 - Updater called before beeing initialized
2024-10-14 22:20:46,031 [ERROR] CADModel:125 - Updater not yet initialized, retry later 
2024-10-14 22:20:46,168 [INFO] CADModel:165 - CPN selected for project level
2024-10-14 22:20:46,168 [INFO] CADModel:114 - Register for checkConnection events
2024-10-14 22:20:46,168 [FATAL] Updater:334 - Updater called before beeing initialized
2024-10-14 22:20:46,168 [ERROR] CADModel:125 - Updater not yet initialized, retry later 
2024-10-14 22:20:46,171 [FATAL] Updater:334 - Updater called before beeing initialized
2024-10-14 22:20:46,281 [FATAL] Updater:334 - Updater called before beeing initialized
2024-10-14 22:20:46,286 [INFO] DbMcusAds:53 - JSON generation date=Fri Sep 20 20:04:23 ICT 2024 (1726837463113)
2024-10-14 22:20:46,286 [FATAL] Updater:334 - Updater called before beeing initialized
2024-10-14 22:20:46,325 [WARN] DetailPanel:346 - Failed to get advertising image, set to default
2024-10-14 22:20:46,407 [FATAL] Updater:334 - Updater called before beeing initialized
2024-10-14 22:20:46,409 [FATAL] Updater:334 - Updater called before beeing initialized
2024-10-14 22:20:46,409 [FATAL] Updater:334 - Updater called before beeing initialized
2024-10-14 22:20:46,409 [WARN] DetailPanel:346 - Failed to get advertising image, set to default
2024-10-14 22:20:46,410 [FATAL] Updater:334 - Updater called before beeing initialized
2024-10-14 22:20:46,456 [ERROR] Updater:1164 - MainUpdater not yet initialized. External WinMGr cannot be set.
2024-10-14 22:20:46,458 [INFO] Updater:1100 - Updater Version found : 6.12.0
2024-10-14 22:20:46,482 [INFO] ApplicationProperties:184 - Using Application install path: D:\STM32IDE\STM32CubeIDE_1.16.0\STM32CubeIDE\plugins\com.st.stm32cube.common.mx_6.12.0.202406281431
2024-10-14 22:20:46,830 [INFO] MainUpdater:2873 - connection check result : 10
2024-10-14 22:20:46,831 [INFO] MainUpdater:290 - Updater Check For Update Now.
2024-10-14 22:20:46,831 [INFO] MicroXplorer:498 - Change Database Version : DB.6.0.120
2024-10-14 22:20:46,846 [INFO] McuFinderGlobals:63 - Set McuFinder mode to 2 (CubeIDE integrated)
2024-10-14 22:20:46,847 [INFO] UserAuth:417 - Internet connection configuration mode: 1
2024-10-14 22:20:46,875 [INFO] JxBrowserEngine:152 - Initiate JxBrowser Engine with user profile folder
2024-10-14 22:20:47,025 [INFO] CheckServerUpdateThread:120 - End of CheckServer Thread
2024-10-14 22:20:47,592 [INFO] WebApp:167 - Instantiating new browser for Auth
2024-10-14 22:20:48,330 [WARN] PackLoader:240 - Cannot read IP mode file for STMicroelectronics.X-CUBE-SMBUS.2.1.0
2024-10-14 22:20:48,347 [WARN] PackLoader:240 - Cannot read IP mode file for STMicroelectronics.X-CUBE-WB05N.1.1.0
2024-10-14 22:20:48,399 [WARN] PackLoader:240 - Cannot read IP mode file for STMicroelectronics.X-CUBE-AZRTOS-F7.1.1.0
2024-10-14 22:20:48,417 [WARN] PackLoader:240 - Cannot read IP mode file for emotas.I-CUBE-CANOPEN.1.3.0
2024-10-14 22:20:48,435 [INFO] LogOutputStream:77 - [STDOUT_REDIRECT] 1 : Invalid condition id : UX_CORESTACK_Condition cause : null
2024-10-14 22:20:48,436 [INFO] LogOutputStream:77 - [STDOUT_REDIRECT] 1 : Invalid condition id : UX_CORESTACK_Condition cause : null
2024-10-14 22:20:48,437 [INFO] LogOutputStream:77 - [STDOUT_REDIRECT] 1 : Invalid condition id : UX_CORESTACK_Condition cause : null
2024-10-14 22:20:48,439 [INFO] LogOutputStream:77 - [STDOUT_REDIRECT] 1 : Invalid condition id : UX_CORESTACK_Condition cause : null
2024-10-14 22:20:48,440 [INFO] LogOutputStream:77 - [STDOUT_REDIRECT] 1 : Invalid condition id : UX_CORESTACK_Condition cause : null
2024-10-14 22:20:48,448 [WARN] PackLoader:240 - Cannot read IP mode file for STMicroelectronics.X-CUBE-AZRTOS-WL.2.0.0
2024-10-14 22:20:48,458 [WARN] PackLoader:240 - Cannot read IP mode file for wolfSSL.I-CUBE-wolfMQTT.1.19.0
2024-10-14 22:20:48,470 [WARN] PackLoader:240 - Cannot read IP mode file for WES.I-CUBE-Cesium.1.3.0
2024-10-14 22:20:48,480 [WARN] PackLoader:240 - Cannot read IP mode file for STMicroelectronics.X-CUBE-TCPP.4.1.0
2024-10-14 22:20:48,520 [WARN] PackLoader:240 - Cannot read IP mode file for STMicroelectronics.X-CUBE-AZRTOS-G0.1.1.0
2024-10-14 22:20:48,542 [WARN] PackLoader:240 - Cannot read IP mode file for EmbeddedOffice.I-CUBE-FS-RTOS.1.0.1
2024-10-14 22:20:48,543 [ERROR] ConditionMgr:805 - Attr not supported : Dmpu
2024-10-14 22:20:48,543 [ERROR] ConditionMgr:805 - Attr not supported : Dmpu
2024-10-14 22:20:48,543 [ERROR] ConditionMgr:805 - Attr not supported : Dmpu
2024-10-14 22:20:48,543 [ERROR] ConditionMgr:805 - Attr not supported : Dmpu
2024-10-14 22:20:48,544 [ERROR] ConditionMgr:805 - Attr not supported : Dmpu
2024-10-14 22:20:48,544 [ERROR] ConditionMgr:805 - Attr not supported : Dmpu
2024-10-14 22:20:48,544 [ERROR] ConditionMgr:805 - Attr not supported : Dmpu
2024-10-14 22:20:48,544 [ERROR] ConditionMgr:805 - Attr not supported : Dmpu
2024-10-14 22:20:48,544 [ERROR] ConditionMgr:805 - Attr not supported : Dmpu
2024-10-14 22:20:48,544 [ERROR] ConditionMgr:805 - Attr not supported : Dmpu
2024-10-14 22:20:48,544 [ERROR] ConditionMgr:805 - Attr not supported : Dmpu
2024-10-14 22:20:48,544 [ERROR] ConditionMgr:805 - Attr not supported : Dmpu
2024-10-14 22:20:48,544 [ERROR] ConditionMgr:805 - Attr not supported : Dmpu
2024-10-14 22:20:48,544 [ERROR] ConditionMgr:805 - Attr not supported : Dmpu
2024-10-14 22:20:48,544 [ERROR] ConditionMgr:805 - Attr not supported : Dmpu
2024-10-14 22:20:48,545 [ERROR] ConditionMgr:805 - Attr not supported : Dmpu
2024-10-14 22:20:48,545 [ERROR] ConditionMgr:805 - Attr not supported : Dmpu
2024-10-14 22:20:48,545 [ERROR] ConditionMgr:805 - Attr not supported : Dmpu
2024-10-14 22:20:48,545 [ERROR] ConditionMgr:805 - Attr not supported : Dmpu
2024-10-14 22:20:48,545 [ERROR] ConditionMgr:805 - Attr not supported : Dmpu
2024-10-14 22:20:48,545 [ERROR] ConditionMgr:805 - Attr not supported : Dmpu
2024-10-14 22:20:48,545 [ERROR] ConditionMgr:805 - Attr not supported : Dmpu
2024-10-14 22:20:48,545 [ERROR] ConditionMgr:805 - Attr not supported : Dmpu
2024-10-14 22:20:48,545 [ERROR] ConditionMgr:805 - Attr not supported : Dmpu
2024-10-14 22:20:48,545 [ERROR] ConditionMgr:805 - Attr not supported : Dmpu
2024-10-14 22:20:48,545 [ERROR] ConditionMgr:805 - Attr not supported : Dmpu
2024-10-14 22:20:48,546 [ERROR] ConditionMgr:805 - Attr not supported : Dmpu
2024-10-14 22:20:48,546 [ERROR] ConditionMgr:805 - Attr not supported : Dmpu
2024-10-14 22:20:48,546 [ERROR] ConditionMgr:805 - Attr not supported : Dmpu
2024-10-14 22:20:48,546 [ERROR] ConditionMgr:805 - Attr not supported : Dmpu
2024-10-14 22:20:48,546 [ERROR] ConditionMgr:805 - Attr not supported : Dmpu
2024-10-14 22:20:48,546 [ERROR] ConditionMgr:805 - Attr not supported : Dmpu
2024-10-14 22:20:48,546 [ERROR] ConditionMgr:805 - Attr not supported : Dmpu
2024-10-14 22:20:48,546 [ERROR] ConditionMgr:805 - Attr not supported : Dmpu
2024-10-14 22:20:48,546 [ERROR] ConditionMgr:805 - Attr not supported : Dmpu
2024-10-14 22:20:48,546 [ERROR] ConditionMgr:805 - Attr not supported : Dmpu
2024-10-14 22:20:48,546 [ERROR] ConditionMgr:805 - Attr not supported : Dmpu
2024-10-14 22:20:48,547 [ERROR] ConditionMgr:805 - Attr not supported : Dmpu
2024-10-14 22:20:48,547 [ERROR] ConditionMgr:805 - Attr not supported : Dmpu
2024-10-14 22:20:48,547 [ERROR] ConditionMgr:805 - Attr not supported : Dmpu
2024-10-14 22:20:48,547 [ERROR] ConditionMgr:805 - Attr not supported : Dmpu
2024-10-14 22:20:48,547 [ERROR] ConditionMgr:805 - Attr not supported : Dmpu
2024-10-14 22:20:48,547 [ERROR] ConditionMgr:805 - Attr not supported : Dmpu
2024-10-14 22:20:48,547 [ERROR] ConditionMgr:805 - Attr not supported : Dmpu
2024-10-14 22:20:48,548 [ERROR] ConditionMgr:805 - Attr not supported : Dmpu
2024-10-14 22:20:48,548 [ERROR] ConditionMgr:805 - Attr not supported : Dmpu
2024-10-14 22:20:48,548 [ERROR] ConditionMgr:805 - Attr not supported : Dmpu
2024-10-14 22:20:48,548 [ERROR] ConditionMgr:805 - Attr not supported : Dmpu
2024-10-14 22:20:48,548 [ERROR] ConditionMgr:805 - Attr not supported : Dmpu
2024-10-14 22:20:48,548 [ERROR] ConditionMgr:805 - Attr not supported : Dmpu
2024-10-14 22:20:48,548 [ERROR] ConditionMgr:805 - Attr not supported : Dmpu
2024-10-14 22:20:48,549 [ERROR] ConditionMgr:805 - Attr not supported : Dmpu
2024-10-14 22:20:48,549 [ERROR] ConditionMgr:805 - Attr not supported : Dmpu
2024-10-14 22:20:48,549 [ERROR] ConditionMgr:805 - Attr not supported : Dmpu
2024-10-14 22:20:48,549 [ERROR] ConditionMgr:805 - Attr not supported : Dmpu
2024-10-14 22:20:48,549 [ERROR] ConditionMgr:805 - Attr not supported : Dmpu
2024-10-14 22:20:48,549 [ERROR] ConditionMgr:805 - Attr not supported : Dmpu
2024-10-14 22:20:48,549 [ERROR] ConditionMgr:805 - Attr not supported : Dmpu
2024-10-14 22:20:48,549 [ERROR] ConditionMgr:805 - Attr not supported : Dmpu
2024-10-14 22:20:48,549 [ERROR] ConditionMgr:805 - Attr not supported : Dmpu
2024-10-14 22:20:48,550 [ERROR] ConditionMgr:805 - Attr not supported : Dmpu
2024-10-14 22:20:48,550 [ERROR] ConditionMgr:805 - Attr not supported : Dmpu
2024-10-14 22:20:48,550 [ERROR] ConditionMgr:805 - Attr not supported : Dmpu
2024-10-14 22:20:48,550 [ERROR] ConditionMgr:805 - Attr not supported : Dmpu
2024-10-14 22:20:48,570 [WARN] PackLoader:240 - Cannot read IP mode file for RealThread.X-CUBE-RT-Thread_Nano.4.1.1
2024-10-14 22:20:48,576 [WARN] PackLoader:240 - Cannot read IP mode file for wolfSSL.I-CUBE-wolfSSL.5.7.2
2024-10-14 22:20:48,585 [WARN] PackLoader:240 - Cannot read IP mode file for ITTIA_DB.I-CUBE-ITTIADB.8.9.0
2024-10-14 22:20:48,618 [INFO] WebApp:448 - Apply proxy settings
2024-10-14 22:20:48,619 [INFO] WebApp:533 - Chromium requires no authentication
2024-10-14 22:20:48,635 [INFO] WebApp:476 - Direct internet connection detected
2024-10-14 22:20:48,646 [WARN] PackLoader:240 - Cannot read IP mode file for SEGGER.I-CUBE-embOS.1.3.1
2024-10-14 22:20:48,679 [INFO] WebApp:869 - Register for checkConnection events
2024-10-14 22:20:48,679 [INFO] WebApp:448 - Apply proxy settings
2024-10-14 22:20:48,680 [INFO] WebApp:533 - Chromium requires no authentication
2024-10-14 22:20:48,680 [INFO] WebApp:476 - Direct internet connection detected
2024-10-14 22:20:48,725 [WARN] PackLoader:240 - Cannot read IP mode file for STMicroelectronics.X-CUBE-ALGOBUILD.1.4.0
2024-10-14 22:20:48,748 [WARN] PackLoader:240 - Cannot read IP mode file for STMicroelectronics.X-CUBE-AZRTOS-F4.1.1.0
2024-10-14 22:20:48,771 [WARN] PackLoader:240 - Cannot read IP mode file for STMicroelectronics.X-CUBE-AZRTOS-L5.2.0.0
2024-10-14 22:20:48,799 [WARN] ConditionMgr:438 - getConditionDescription Invalid condition id : LAN8742 Phy interface Condition cause : null
2024-10-14 22:20:48,799 [WARN] PackLoader:240 - Cannot read IP mode file for STMicroelectronics.X-CUBE-AZRTOS-L4.2.0.0
2024-10-14 22:20:48,800 [WARN] ConditionMgr:1039 - genDependencies : Invalid condition id : LAN8742 Phy interface Condition cause : null
2024-10-14 22:20:48,801 [WARN] ConditionMgr:1039 - genDependencies : Invalid condition id : LAN8742 Phy interface Condition cause : null
2024-10-14 22:20:48,801 [WARN] ConditionMgr:1039 - genDependencies : Invalid condition id : LAN8742 Phy interface Condition cause : null
2024-10-14 22:20:48,829 [WARN] PackLoader:240 - Cannot read IP mode file for STMicroelectronics.X-CUBE-AZRTOS-H7.3.3.0
2024-10-14 22:20:48,843 [WARN] PackLoader:240 - Cannot read IP mode file for STMicroelectronics.X-CUBE-IPS.3.0.0
2024-10-14 22:20:48,860 [WARN] ConditionMgr:438 - getConditionDescription Invalid condition id : UX DEVICE CLASS RTOS Condition cause : null
2024-10-14 22:20:48,860 [WARN] ConditionMgr:438 - getConditionDescription Invalid condition id : UX DEVICE CLASS RTOS Condition cause : null
2024-10-14 22:20:48,862 [WARN] PackLoader:240 - Cannot read IP mode file for STMicroelectronics.X-CUBE-AZRTOS-WB.2.0.0
2024-10-14 22:20:48,863 [WARN] ConditionMgr:1039 - genDependencies : Invalid condition id : UX DEVICE CLASS RTOS Condition cause : null
2024-10-14 22:20:48,863 [WARN] ConditionMgr:1039 - genDependencies : Invalid condition id : UX DEVICE CLASS RTOS Condition cause : null
2024-10-14 22:20:48,863 [WARN] ConditionMgr:1039 - genDependencies : Invalid condition id : UX DEVICE CLASS RTOS Condition cause : null
2024-10-14 22:20:48,864 [WARN] ConditionMgr:1039 - genDependencies : Invalid condition id : UX DEVICE CLASS RTOS Condition cause : null
2024-10-14 22:20:48,864 [WARN] ConditionMgr:1039 - genDependencies : Invalid condition id : UX DEVICE CLASS RTOS Condition cause : null
2024-10-14 22:20:48,869 [WARN] PackLoader:240 - Cannot read IP mode file for Cesanta.I-CUBE-Mongoose.7.13.0
2024-10-14 22:20:48,883 [WARN] PackLoader:240 - Cannot read IP mode file for STMicroelectronics.X-CUBE-AZRTOS-G4.2.0.0
2024-10-14 22:20:48,891 [WARN] PackLoader:240 - Cannot read IP mode file for STMicroelectronics.X-CUBE-TOUCHGFX.4.24.1
2024-10-14 22:20:48,896 [WARN] PackLoader:240 - Cannot read IP mode file for wolfSSL.I-CUBE-wolfTPM.3.4.0
2024-10-14 22:20:48,902 [WARN] PackLoader:240 - Cannot read IP mode file for portGmbH.I-Cube-SoM-uGOAL.1.1.0
2024-10-14 22:20:48,921 [WARN] PackLoader:240 - Cannot read IP mode file for STMicroelectronics.X-CUBE-AZRTOS-H7RS.1.0.0
2024-10-14 22:20:48,937 [INFO] WebApp:186 - Connection restablished
2024-10-14 22:20:48,939 [WARN] PackLoader:240 - Cannot read IP mode file for STMicroelectronics.X-CUBE-TOF1.3.4.2
2024-10-14 22:20:48,977 [WARN] PackLoader:240 - Cannot read IP mode file for Infineon.AIROC-Wi-Fi-Bluetooth-STM32.1.6.1
2024-10-14 22:20:48,985 [WARN] PackLoader:240 - Cannot read IP mode file for wolfSSL.I-CUBE-wolfSSH.1.4.17
2024-10-14 22:20:48,985 [INFO] ThirdParty:978 - Integrity check success = true
2024-10-14 22:20:48,985 [INFO] IntegrityCheckThread:100 - exiting critical section [integrity check]
2024-10-14 22:20:48,986 [INFO] IntegrityCheckThread:103 - End integrity checks thread
2024-10-14 22:20:49,001 [INFO] WebApp:220 - Starting web application
2024-10-14 22:20:49,001 [INFO] WebApp:578 - Web application path used D:\STM32IDE\STM32CubeIDE_1.16.0\STM32CubeIDE\plugins\com.st.stm32cube.common.mx_6.12.0.202406281431\db\plugins\mcufinder\reactClient1\index.html
2024-10-14 22:20:49,130 [INFO] UserAuth:417 - Internet connection configuration mode: 1
2024-10-14 22:23:35,105 [INFO] McuFinderGlobals:63 - Set McuFinder mode to 2 (CubeIDE integrated)
2024-10-14 22:23:35,131 [INFO] MainUpdater:2873 - connection check result : 10
2024-10-14 22:23:35,156 [INFO] McuFinderGlobals:76 - Set McuFinderConnectedMode to true
2024-10-14 22:23:36,056 [INFO] ServerAccessManage:473 - Download File mcusAds.json._tmp_
2024-10-14 22:23:36,167 [INFO] LoadUrlFilesThread:156 - End of LoadUrlFiles Thread
2024-10-14 22:23:36,479 [INFO] ServerAccessManage:473 - Download File cube-finder-db.zip
2024-10-14 22:23:36,975 [INFO] FileExtend:240 - Unzip File : cube-finder-db.zip
2024-10-14 22:23:36,975 [INFO] FileExtend:255 - Standard Zip Deflate
2024-10-14 22:23:37,902 [INFO] LoadUrlFilesThread:156 - End of LoadUrlFiles Thread
2024-10-14 22:23:38,766 [INFO] ServerAccessManage:473 - Download File crdb.zip
2024-10-14 22:23:39,936 [INFO] FileExtend:240 - Unzip File : crdb.zip
2024-10-14 22:23:39,937 [INFO] FileExtend:255 - Standard Zip Deflate
2024-10-14 22:23:40,064 [INFO] LoadUrlFilesThread:156 - End of LoadUrlFiles Thread
2024-10-14 22:23:40,257 [INFO] ServerAccessManage:473 - Download File tutoVideoDB.zip
2024-10-14 22:23:40,260 [INFO] FileExtend:240 - Unzip File : tutoVideoDB.zip
2024-10-14 22:23:40,261 [INFO] FileExtend:255 - Standard Zip Deflate
2024-10-14 22:23:40,378 [INFO] LoadUrlFilesThread:156 - End of LoadUrlFiles Thread
2024-10-14 22:23:40,379 [WARN] DbFile:41 - Overriding database path with different value: C:\Users\User\.stmcufinder\plugins\mcufinder/ => C:\Users\User\.stmcufinder\plugins\mcufinder
2024-10-14 22:23:40,592 [INFO] ServerAccessManage:473 - Download File api_config.json
2024-10-14 22:23:40,699 [INFO] LoadUrlFilesThread:156 - End of LoadUrlFiles Thread
2024-10-14 22:23:40,699 [INFO] DbMcusAds:53 - JSON generation date=Fri Sep 20 20:04:23 ICT 2024 (1726837463113)
2024-10-14 22:23:40,716 [INFO] LoadUrlFilesThread:185 - End of LoadServerUrlFiles without Thread
2024-10-14 22:23:40,716 [INFO] TargetSelectorAdapter:259 - Refresh data is successful
2024-10-14 22:23:40,828 [INFO] ApiDb:581 - Connected to CubeFinder SQLite database (C:\Users\User\.stmcufinder\plugins\mcufinder\mcu\cube-finder-db.db)
2024-10-14 22:23:40,891 [INFO] ApiDb:668 - CubeFinder database Data Model version=2.1
2024-10-14 22:23:40,892 [INFO] ApiDb:669 - CubeFinder database Configuration version=3.0.39
2024-10-14 22:23:40,892 [INFO] ApiDb:670 - CubeFinder database generation date=2024-09-16 (1726485674)
2024-10-14 22:23:40,892 [INFO] ApiDb:671 - CubeFinder database FW Pack versions=[FP-ATR-ASTRA1_V2.0.0, FP-SNS-FLIGHT1_V5.0.2, FP-SNS-MOTENV1_V5.0.0, FP-SNS-MOTENVWB1_V1.4.0, FP-SNS-SMARTAG2_V1.2.0, FP-SNS-STBOX1_V2.0.0, STM32Cube_FW_C0_V1.2.0, STM32Cube_FW_F4_V1.28.1, STM32Cube_FW_F7_V1.17.2, STM32Cube_FW_G0_V1.6.2, STM32Cube_FW_G4_V1.6.0, STM32Cube_FW_H5_V1.3.0, STM32Cube_FW_H7RS_V1.1.0, STM32Cube_FW_H7_V1.11.2, STM32Cube_FW_L0_V1.12.2, STM32Cube_FW_L5_V1.5.1, STM32Cube_FW_U0_V1.1.0, STM32Cube_FW_U5_V1.6.0, STM32Cube_FW_WB0_V1.0.0, STM32Cube_FW_WBA_V1.4.1, STM32Cube_FW_WB_V1.20.0, STM32Cube_FW_WL_V1.3.0, X-CUBE-ALGOBUILD_V1.4.0, X-CUBE-ALS_V1.0.2, X-CUBE-AZRTOS-F4_V1.1.0, X-CUBE-AZRTOS-F7_V1.1.0, X-CUBE-AZRTOS-G0_V1.1.0, X-CUBE-AZRTOS-G4_V2.0.0, X-CUBE-AZRTOS-H7RS_V1.0.0, X-CUBE-AZRTOS-H7_V3.2.0, X-CUBE-AZRTOS-L4_V2.0.0, X-CUBE-AZRTOS-L5_V2.0.0, X-CUBE-AZRTOS-WB_V2.0.0, X-CUBE-AZRTOS-WL_V2.0.0, X-CUBE-BLE1_V7.0.0, X-CUBE-BLE2_V3.3.0, X-CUBE-BLEMGR_V3.1.0, X-CUBE-EEPRMA1_V5.1.0, X-CUBE-FREERTOS_V1.2.0, X-CUBE-GNSS1_V6.0.0, X-CUBE-MEMS1_V11.0.0, X-CUBE-NFC4_V3.0.0, X-CUBE-NFC7_V1.0.1, X-CUBE-SFXS2LP1_V4.0.0, X-CUBE-SUBG2_V5.0.0, X-CUBE-TOF1_V3.4.2]
2024-10-14 22:23:42,605 [INFO] ApiDb:240 - Found 646 in-development CPN: [B-G473E-ZEST1S, B-WB1M-WPAN1, B-WL5M-SUBG1, NUCLEO-C031C6, NUCLEO-C071RB, NUCLEO-H503RB, NUCLEO-H533RE, NUCLEO-H563ZI, NUCLEO-H7S3L8, NUCLEO-U031R8, NUCLEO-U083RC, NUCLEO-U545RE-Q, NUCLEO-U5A5ZJ-Q, NUCLEO-WB05KZ, NUCLEO-WB07CC, NUCLEO-WB09KE, NUCLEO-WBA52CG, NUCLEO-WBA55CG, STEVAL-PROTEUS1, STEVAL-SMARTAG2, STEVAL-STWINBX1, STM320518-EVAL, STM32C0116-DK, STM32C011D6Y3TR, STM32C011D6Y6TR, STM32C011F4P3, STM32C011F4P6, STM32C011F4U3, STM32C011F4U6TR, STM32C011F6P3, STM32C011F6P6, STM32C011F6U3, STM32C011F6U6TR, STM32C011J4M3, STM32C011J4M6, STM32C011J6M3, STM32C011J6M6, STM32C0316-DK, STM32C031C4T3, STM32C031C4T6, STM32C031C4U3, STM32C031C4U6, STM32C031C6T3, STM32C031C6T6, STM32C031C6U3, STM32C031C6U6, STM32C031F4P3, STM32C031F4P6, STM32C031F6P3, STM32C031F6P6, STM32C031G4U3, STM32C031G4U6, STM32C031G6U3, STM32C031G6U6, STM32C031K4T3, STM32C031K4T6, STM32C031K4U3, STM32C031K4U6, STM32C031K6T3, STM32C031K6T6, STM32C031K6U3, STM32C031K6U6, STM32C071C8T6, STM32C071C8T6N, STM32C071C8U6, STM32C071C8U6N, STM32C071CBT6, STM32C071CBT6N, STM32C071CBU6, STM32C071CBU6N, STM32C071F8P6, STM32C071F8P6N, STM32C071FBP6, STM32C071FBP6N, STM32C071FBY6TR, STM32C071G8U6, STM32C071G8U6N, STM32C071GBU6, STM32C071GBU6N, STM32C071K8T6, STM32C071K8T6N, STM32C071K8U6, STM32C071K8U6N, STM32C071KBT6, STM32C071KBT6N, STM32C071KBU6, STM32C071KBU6N, STM32C071R8T6, STM32C071R8T6N, STM32C071RBI6N, STM32C071RBT6, STM32C071RBT6N, STM32G071K8TXN, STM32G071K8UXN, STM32G081GBU6N, STM32G081KBT6N, STM32G081KBUXN, STM32G0B1CCT6N, STM32G0B1KCT6, STM32G0B1NEY6TR, STM32G0B1RCT6N, STM32G0C1CCT6, STM32G0C1CCT6N, STM32G0C1CCU6N, STM32G0C1CET6N, STM32G0C1CEU6N, STM32G0C1KCT6, STM32G0C1NEY6TR, STM32G0C1RCI6N, STM32G0C1RCT6N, STM32G0C1REI6N, STM32G0C1RET6N, STM32G0C1VCI6, STM32G0C1VEI6, STM32G411C6T3, STM32G411C6T6, STM32G411C6U3, STM32G411C6U6, STM32G411C8T3, STM32G411C8T6, STM32G411C8U3, STM32G411C8U6, STM32G411CBT3, STM32G411CBT6, STM32G411CBU3, STM32G411CBU6, STM32G411K6T3, STM32G411K6T6, STM32G411K6U3, STM32G411K6U6, STM32G411K8T3, STM32G411K8T6, STM32G411K8U3, STM32G411K8U6, STM32G411KBT3, STM32G411KBT6, STM32G411KBU3, STM32G411KBU6, STM32G411M6T3, STM32G411M6T6, STM32G411M8T3, STM32G411M8T6, STM32G411MBT3, STM32G411MBT6, STM32G411R6T3, STM32G411R6T6, STM32G411R8T3, STM32G411R8T6, STM32G411RBT3, STM32G411RBT6, STM32G414CBT3, STM32G414CBT6, STM32G414CBU3, STM32G414CBU6, STM32G414CCT3, STM32G414CCT6, STM32G414CCU3, STM32G414CCU6, STM32G414MBT3, STM32G414MBT6, STM32G414MCT3, STM32G414MCT6, STM32G414RBT3, STM32G414RBT6, STM32G414RCT3, STM32G414RCT6, STM32G414VBT3, STM32G414VBT6, STM32G414VCT3, STM32G414VCT6, STM32G431CBT3Z, STM32G431RBT3Z, STM32G471CCT6, STM32G471CCU6, STM32G471CET3, STM32G471CET6, STM32G471CEU3, STM32G471CEU6, STM32G471MCT6, STM32G471MET3, STM32G471MET6, STM32G471MEY6TR, STM32G471QCT6, STM32G471QET3, STM32G471RCT6, STM32G471RET3, STM32G471RET6, STM32G471VCH6, STM32G471VCI6, STM32G471VCT6, STM32G471VEH3, STM32G471VEH6, STM32G471VEI3, STM32G471VEI6, STM32G471VET3, STM32G471VET6, STM32G473QET3Z, STM32G473RET3Z, STM32G474CCT6, STM32G491RET3Z, STM32H503CBT6, STM32H503CBU6, STM32H503EBY6TR, STM32H503KBU6, STM32H503RBT6, STM32H523CCT6, STM32H523CCU6, STM32H523CET6, STM32H523CEU6, STM32H523HEY6TR, STM32H523RCT6, STM32H523RET6, STM32H523VCI6, STM32H523VCT6, STM32H523VEI6, STM32H523VET6, STM32H523ZCJ6, STM32H523ZCT6, STM32H523ZEJ6, STM32H523ZET6, STM32H533CET6, STM32H533CEU6, STM32H533HEY6TR, STM32H533RET6, STM32H533VEI6, STM32H533VET6, STM32H533ZEJ6, STM32H533ZET6, STM32H562AGI6, STM32H562AII6, STM32H562IGK6, STM32H562IGT6, STM32H562IIK6, STM32H562IIT6, STM32H562RGT6, STM32H562RGV6, STM32H562RIT6, STM32H562RIV6, STM32H562VGT6, STM32H562VIT6, STM32H562ZGT6, STM32H562ZIT6, STM32H563AGI6, STM32H563AII3Q, STM32H563AII6, STM32H563IGK6, STM32H563IGT6, STM32H563IIK3Q, STM32H563IIK6, STM32H563IIT3Q, STM32H563IIT6, STM32H563MIY3QTR, STM32H563RGT6, STM32H563RGV6, STM32H563RIT6, STM32H563RIV6, STM32H563VGT6, STM32H563VIT3Q, STM32H563VIT6, STM32H563ZGT6, STM32H563ZIT3Q, STM32H563ZIT6, STM32H573AII3Q, STM32H573AII6, STM32H573I-DK, STM32H573IIK3Q, STM32H573IIK6, STM32H573IIT3Q, STM32H573IIT6, STM32H573MIY3QTR, STM32H573RIT6, STM32H573RIV6, STM32H573VIT3Q, STM32H573VIT6, STM32H573ZIT3Q, STM32H573ZIT6, STM32H7R3A8I6, STM32H7R3I8K6, STM32H7R3I8T6, STM32H7R3L8H6, STM32H7R3L8H6H, STM32H7R3R8V6, STM32H7R3V8H6, STM32H7R3V8T6, STM32H7R3V8Y6TR, STM32H7R3Z8J6, STM32H7R3Z8T6, STM32H7R7A8I6, STM32H7R7I8K6, STM32H7R7I8T6, STM32H7R7L8H6, STM32H7R7L8H6H, STM32H7R7Z8J6, STM32H7S3A8I6, STM32H7S3I8K6, STM32H7S3I8T6, STM32H7S3L8H6, STM32H7S3L8H6H, STM32H7S3R8V6, STM32H7S3V8H6, STM32H7S3V8T6, STM32H7S3V8Y6TR, STM32H7S3Z8J6, STM32H7S3Z8T6, STM32H7S78-DK, STM32H7S7A8I6, STM32H7S7I8K6, STM32H7S7I8T6, STM32H7S7L8H6, STM32H7S7L8H6H, STM32H7S7Z8J6, STM32L4R5QGI6STR, STM32MP131AAE3, STM32MP131AAF3, STM32MP131AAG3, STM32MP131CAE3, STM32MP131CAF3, STM32MP131CAG3, STM32MP131DAE7, STM32MP131DAF7, STM32MP131DAG7, STM32MP131FAE7, STM32MP131FAF7, STM32MP131FAG7, STM32MP133AAE3, STM32MP133AAF3, STM32MP133AAG3, STM32MP133CAE3, STM32MP133CAF3, STM32MP133CAG3, STM32MP133DAE7, STM32MP133DAF7, STM32MP133DAG7, STM32MP133FAE7, STM32MP133FAF7, STM32MP133FAG7, STM32MP135AAE3, STM32MP135AAF3, STM32MP135AAG3, STM32MP135CAE3, STM32MP135CAF3, STM32MP135CAG3, STM32MP135DAE7, STM32MP135DAF7, STM32MP135DAG7, STM32MP135F-DK, STM32MP135FAE7, STM32MP135FAF7, STM32MP135FAF7T, STM32MP135FAF7U, STM32MP135FAG7, STM32MP251AAI3, STM32MP251AAK3, STM32MP251AAL3, STM32MP251CAI3, STM32MP251CAK3, STM32MP251CAL3, STM32MP251DAI3, STM32MP251DAK3, STM32MP251DAL3, STM32MP251FAI3, STM32MP251FAK3, STM32MP251FAL3, STM32MP253AAI3, STM32MP253AAK3, STM32MP253AAL3, STM32MP253CAI3, STM32MP253CAK3, STM32MP253CAL3, STM32MP253DAI3, STM32MP253DAK3, STM32MP253DAL3, STM32MP253FAI3, STM32MP253FAK3, STM32MP253FAL3, STM32MP255AAI3, STM32MP255AAK3, STM32MP255AAL3, STM32MP255CAI3, STM32MP255CAK3, STM32MP255CAL3, STM32MP255DAI3, STM32MP255DAK3, STM32MP255DAL3, STM32MP255FAI3, STM32MP255FAK3, STM32MP255FAL3, STM32MP257AAI3, STM32MP257AAK3, STM32MP257AAL3, STM32MP257CAI3, STM32MP257CAK3, STM32MP257CAL3, STM32MP257DAI3, STM32MP257DAK3, STM32MP257DAL3, STM32MP257F-DK, STM32MP257F-EV1, STM32MP257FAI3, STM32MP257FAK3, STM32MP257FAL3, STM32U031C6T6, STM32U031C6U6, STM32U031C8T6, STM32U031C8U6, STM32U031F4P6, STM32U031F6P6, STM32U031F8P6, STM32U031G6Y6TR, STM32U031G8Y6TR, STM32U031K4U6, STM32U031K6U6, STM32U031K8U6, STM32U031R6I6, STM32U031R6T6, STM32U031R8I6, STM32U031R8T6, STM32U073C8T6, STM32U073C8U6, STM32U073CBT6, STM32U073CBU6, STM32U073CCT6, STM32U073CCU6, STM32U073H8Y6TR, STM32U073HBY6TR, STM32U073HCY6TR, STM32U073K8U6, STM32U073KBU6, STM32U073KCU6, STM32U073M8I6, STM32U073M8T6, STM32U073MBI6, STM32U073MBT6, STM32U073MCI6, STM32U073MCT6, STM32U073R8I6, STM32U073R8T6, STM32U073RBI6, STM32U073RBT6, STM32U073RCI6, STM32U073RCT6, STM32U083C-DK, STM32U083CCT6, STM32U083CCU6, STM32U083HCY6TR, STM32U083KCU6, STM32U083MCI6, STM32U083MCT6, STM32U083RCI6, STM32U083RCT6, STM32U535CBT6, STM32U535CBT6Q, STM32U535CBU6, STM32U535CBU6Q, STM32U535CCT6, STM32U535CCT6Q, STM32U535CCU6, STM32U535CCU6Q, STM32U535CET6, STM32U535CET6Q, STM32U535CEU6, STM32U535CEU6Q, STM32U535JEY6QTR, STM32U535NCY6QTR, STM32U535NEY6QTR, STM32U535RBI6, STM32U535RBI6Q, STM32U535RBT6, STM32U535RBT6Q, STM32U535RCI6, STM32U535RCI6Q, STM32U535RCT6, STM32U535RCT6Q, STM32U535REI6, STM32U535REI6Q, STM32U535RET6, STM32U535RET6Q, STM32U535VCI6, STM32U535VCI6Q, STM32U535VCT6, STM32U535VCT6Q, STM32U535VEI6, STM32U535VEI6Q, STM32U535VET6, STM32U535VET6Q, STM32U545CET6, STM32U545CET6Q, STM32U545CEU6, STM32U545CEU6Q, STM32U545JEY6QTR, STM32U545NEY6QTR, STM32U545REI6, STM32U545REI6Q, STM32U545RET6, STM32U545RET6Q, STM32U545VEI6, STM32U545VEI6Q, STM32U545VET6, STM32U545VET6Q, STM32U595AIH6, STM32U595AIH6Q, STM32U595AJH6, STM32U595AJH6Q, STM32U595QII6, STM32U595QII6Q, STM32U595QJI6, STM32U595QJI6Q, STM32U595RIT6, STM32U595RIT6Q, STM32U595RJT6, STM32U595RJT6Q, STM32U595VIT6, STM32U595VIT6Q, STM32U595VJT6, STM32U595VJT6Q, STM32U595ZIT6, STM32U595ZIT6Q, STM32U595ZIY6QTR, STM32U595ZJT6, STM32U595ZJT6Q, STM32U595ZJY6QTR, STM32U599BJY6QTR, STM32U599NIH6Q, STM32U599NJH6Q, STM32U599VIT6Q, STM32U599VJT6, STM32U599VJT6Q, STM32U599ZIT6Q, STM32U599ZIY6QTR, STM32U599ZJT6Q, STM32U599ZJY6QTR, STM32U5A5AJH6, STM32U5A5AJH6Q, STM32U5A5QII3Q , STM32U5A5QJI6, STM32U5A5QJI6Q, STM32U5A5RJT6, STM32U5A5RJT6Q, STM32U5A5VJT6, STM32U5A5VJT6Q, STM32U5A5ZJT6, STM32U5A5ZJT6Q, STM32U5A5ZJY6QTR, STM32U5A9BJY6QTR, STM32U5A9J-DK, STM32U5A9NJH6Q, STM32U5A9VJT6Q, STM32U5A9ZJT6Q, STM32U5A9ZJY6QTR, STM32U5F7VIT6, STM32U5F7VIT6Q, STM32U5F7VJT6, STM32U5F7VJT6Q, STM32U5F9BJY6QTR, STM32U5F9NJH6Q, STM32U5F9VIT6Q, STM32U5F9VJT6Q, STM32U5F9ZIJ6QTR, STM32U5F9ZIT6Q, STM32U5F9ZJJ6QTR, STM32U5F9ZJT6Q, STM32U5G7VJT6, STM32U5G7VJT6Q, STM32U5G9BJY6QTR, STM32U5G9J-DK1, STM32U5G9J-DK2, STM32U5G9NJH6Q, STM32U5G9VJT6Q, STM32U5G9ZJJ6QTR, STM32U5G9ZJT6Q, STM32WB05KZV6TR, STM32WB05KZV7TR, STM32WB05TZF6TR, STM32WB05TZF7TR, STM32WB06CCF6TR, STM32WB06CCF7TR, STM32WB06CCV6TR, STM32WB06CCV7TR, STM32WB06KCV6TR, STM32WB06KCV7TR, STM32WB07CCF6TR, STM32WB07CCF7TR, STM32WB07CCV6TR, STM32WB07CCV7TR, STM32WB07KCV6TR, STM32WB07KCV7TR, STM32WB09KEV6TR, STM32WB09KEV7TR, STM32WB09TEF6TR, STM32WB09TEF7TR, STM32WB1MMCH6, STM32WBA50KGU6, STM32WBA50KGU6TR, STM32WBA52CEU6, STM32WBA52CEU6TR, STM32WBA52CEU7, STM32WBA52CEU7TR, STM32WBA52CGU6, STM32WBA52CGU6TR, STM32WBA52CGU6U, STM32WBA52CGU7, STM32WBA52CGU7TR, STM32WBA52KEU6, STM32WBA52KEU6TR, STM32WBA52KGU6, STM32WBA52KGU6TR, STM32WBA54CEU6, STM32WBA54CEU6TR, STM32WBA54CEU7, STM32WBA54CEU7TR, STM32WBA54CGU6, STM32WBA54CGU6TR, STM32WBA54CGU7, STM32WBA54CGU7TR, STM32WBA54KEU6, STM32WBA54KEU6TR, STM32WBA54KEU7, STM32WBA54KEU7TR, STM32WBA54KGU6, STM32WBA54KGU6TR, STM32WBA54KGU7, STM32WBA54KGU7TR, STM32WBA55CEU6, STM32WBA55CEU6TR, STM32WBA55CEU7, STM32WBA55CEU7TR, STM32WBA55CGU6, STM32WBA55CGU6TR, STM32WBA55CGU6U, STM32WBA55CGU7, STM32WBA55CGU7TR, STM32WBA55G-DK1, STM32WBA55HEF6, STM32WBA55HEF7, STM32WBA55HGF6, STM32WBA55HGF7, STM32WBA55UEI6, STM32WBA55UEI6TR, STM32WBA55UEI7, STM32WBA55UEI7TR, STM32WBA55UGI6, STM32WBA55UGI6TR, STM32WBA55UGI7, STM32WBA55UGI7TR, STM32WL5MOCH6, STM32WL5MOCH6TR]
2024-10-14 22:23:42,613 [INFO] DbMcus:218 - Found 4252 MCUs, 4252 are supported
2024-10-14 22:23:42,613 [INFO] ApiDb:423 - Load user favorites file C:\Users\User/.stm32cubeide/favorites.mcus.txt: 0 item(s)
2024-10-14 22:23:42,614 [INFO] ApiDb:427 - User favorites MCUs=[]
2024-10-14 22:23:42,614 [INFO] DbMcus:224 - Set 0 / 0 favorites MCUs
2024-10-14 22:23:42,926 [INFO] ApiDb:668 - CubeFinder database Data Model version=2.1
2024-10-14 22:23:42,926 [INFO] ApiDb:669 - CubeFinder database Configuration version=3.0.39
2024-10-14 22:23:42,926 [INFO] ApiDb:670 - CubeFinder database generation date=2024-09-16 (1726485674)
2024-10-14 22:23:42,926 [INFO] ApiDb:671 - CubeFinder database FW Pack versions=[FP-ATR-ASTRA1_V2.0.0, FP-SNS-FLIGHT1_V5.0.2, FP-SNS-MOTENV1_V5.0.0, FP-SNS-MOTENVWB1_V1.4.0, FP-SNS-SMARTAG2_V1.2.0, FP-SNS-STBOX1_V2.0.0, STM32Cube_FW_C0_V1.2.0, STM32Cube_FW_F4_V1.28.1, STM32Cube_FW_F7_V1.17.2, STM32Cube_FW_G0_V1.6.2, STM32Cube_FW_G4_V1.6.0, STM32Cube_FW_H5_V1.3.0, STM32Cube_FW_H7RS_V1.1.0, STM32Cube_FW_H7_V1.11.2, STM32Cube_FW_L0_V1.12.2, STM32Cube_FW_L5_V1.5.1, STM32Cube_FW_U0_V1.1.0, STM32Cube_FW_U5_V1.6.0, STM32Cube_FW_WB0_V1.0.0, STM32Cube_FW_WBA_V1.4.1, STM32Cube_FW_WB_V1.20.0, STM32Cube_FW_WL_V1.3.0, X-CUBE-ALGOBUILD_V1.4.0, X-CUBE-ALS_V1.0.2, X-CUBE-AZRTOS-F4_V1.1.0, X-CUBE-AZRTOS-F7_V1.1.0, X-CUBE-AZRTOS-G0_V1.1.0, X-CUBE-AZRTOS-G4_V2.0.0, X-CUBE-AZRTOS-H7RS_V1.0.0, X-CUBE-AZRTOS-H7_V3.2.0, X-CUBE-AZRTOS-L4_V2.0.0, X-CUBE-AZRTOS-L5_V2.0.0, X-CUBE-AZRTOS-WB_V2.0.0, X-CUBE-AZRTOS-WL_V2.0.0, X-CUBE-BLE1_V7.0.0, X-CUBE-BLE2_V3.3.0, X-CUBE-BLEMGR_V3.1.0, X-CUBE-EEPRMA1_V5.1.0, X-CUBE-FREERTOS_V1.2.0, X-CUBE-GNSS1_V6.0.0, X-CUBE-MEMS1_V11.0.0, X-CUBE-NFC4_V3.0.0, X-CUBE-NFC7_V1.0.1, X-CUBE-SFXS2LP1_V4.0.0, X-CUBE-SUBG2_V5.0.0, X-CUBE-TOF1_V3.4.2]
2024-10-14 22:23:42,979 [INFO] DbBoardsSqlite:226 - include board P-NUCLEO-WB55-NUCLEO as a kit item of type 'Nucleo-64'
2024-10-14 22:23:42,979 [INFO] DbBoardsSqlite:226 - include board P-NUCLEO-WB55-USBDONGLE as a kit item of type 'Nucleo USB Dongle'
2024-10-14 22:23:42,979 [INFO] DbBoardsSqlite:226 - include board STEVAL-IDP005V1 as a kit item of type 'Evaluation Board'
2024-10-14 22:23:42,980 [INFO] DbBoardsSqlite:226 - include board STEVAL-IDP005V2 as a kit item of type 'Evaluation Board'
2024-10-14 22:23:43,026 [INFO] ApiDb:240 - Found 646 in-development CPN: [B-G473E-ZEST1S, B-WB1M-WPAN1, B-WL5M-SUBG1, NUCLEO-C031C6, NUCLEO-C071RB, NUCLEO-H503RB, NUCLEO-H533RE, NUCLEO-H563ZI, NUCLEO-H7S3L8, NUCLEO-U031R8, NUCLEO-U083RC, NUCLEO-U545RE-Q, NUCLEO-U5A5ZJ-Q, NUCLEO-WB05KZ, NUCLEO-WB07CC, NUCLEO-WB09KE, NUCLEO-WBA52CG, NUCLEO-WBA55CG, STEVAL-PROTEUS1, STEVAL-SMARTAG2, STEVAL-STWINBX1, STM320518-EVAL, STM32C0116-DK, STM32C011D6Y3TR, STM32C011D6Y6TR, STM32C011F4P3, STM32C011F4P6, STM32C011F4U3, STM32C011F4U6TR, STM32C011F6P3, STM32C011F6P6, STM32C011F6U3, STM32C011F6U6TR, STM32C011J4M3, STM32C011J4M6, STM32C011J6M3, STM32C011J6M6, STM32C0316-DK, STM32C031C4T3, STM32C031C4T6, STM32C031C4U3, STM32C031C4U6, STM32C031C6T3, STM32C031C6T6, STM32C031C6U3, STM32C031C6U6, STM32C031F4P3, STM32C031F4P6, STM32C031F6P3, STM32C031F6P6, STM32C031G4U3, STM32C031G4U6, STM32C031G6U3, STM32C031G6U6, STM32C031K4T3, STM32C031K4T6, STM32C031K4U3, STM32C031K4U6, STM32C031K6T3, STM32C031K6T6, STM32C031K6U3, STM32C031K6U6, STM32C071C8T6, STM32C071C8T6N, STM32C071C8U6, STM32C071C8U6N, STM32C071CBT6, STM32C071CBT6N, STM32C071CBU6, STM32C071CBU6N, STM32C071F8P6, STM32C071F8P6N, STM32C071FBP6, STM32C071FBP6N, STM32C071FBY6TR, STM32C071G8U6, STM32C071G8U6N, STM32C071GBU6, STM32C071GBU6N, STM32C071K8T6, STM32C071K8T6N, STM32C071K8U6, STM32C071K8U6N, STM32C071KBT6, STM32C071KBT6N, STM32C071KBU6, STM32C071KBU6N, STM32C071R8T6, STM32C071R8T6N, STM32C071RBI6N, STM32C071RBT6, STM32C071RBT6N, STM32G071K8TXN, STM32G071K8UXN, STM32G081GBU6N, STM32G081KBT6N, STM32G081KBUXN, STM32G0B1CCT6N, STM32G0B1KCT6, STM32G0B1NEY6TR, STM32G0B1RCT6N, STM32G0C1CCT6, STM32G0C1CCT6N, STM32G0C1CCU6N, STM32G0C1CET6N, STM32G0C1CEU6N, STM32G0C1KCT6, STM32G0C1NEY6TR, STM32G0C1RCI6N, STM32G0C1RCT6N, STM32G0C1REI6N, STM32G0C1RET6N, STM32G0C1VCI6, STM32G0C1VEI6, STM32G411C6T3, STM32G411C6T6, STM32G411C6U3, STM32G411C6U6, STM32G411C8T3, STM32G411C8T6, STM32G411C8U3, STM32G411C8U6, STM32G411CBT3, STM32G411CBT6, STM32G411CBU3, STM32G411CBU6, STM32G411K6T3, STM32G411K6T6, STM32G411K6U3, STM32G411K6U6, STM32G411K8T3, STM32G411K8T6, STM32G411K8U3, STM32G411K8U6, STM32G411KBT3, STM32G411KBT6, STM32G411KBU3, STM32G411KBU6, STM32G411M6T3, STM32G411M6T6, STM32G411M8T3, STM32G411M8T6, STM32G411MBT3, STM32G411MBT6, STM32G411R6T3, STM32G411R6T6, STM32G411R8T3, STM32G411R8T6, STM32G411RBT3, STM32G411RBT6, STM32G414CBT3, STM32G414CBT6, STM32G414CBU3, STM32G414CBU6, STM32G414CCT3, STM32G414CCT6, STM32G414CCU3, STM32G414CCU6, STM32G414MBT3, STM32G414MBT6, STM32G414MCT3, STM32G414MCT6, STM32G414RBT3, STM32G414RBT6, STM32G414RCT3, STM32G414RCT6, STM32G414VBT3, STM32G414VBT6, STM32G414VCT3, STM32G414VCT6, STM32G431CBT3Z, STM32G431RBT3Z, STM32G471CCT6, STM32G471CCU6, STM32G471CET3, STM32G471CET6, STM32G471CEU3, STM32G471CEU6, STM32G471MCT6, STM32G471MET3, STM32G471MET6, STM32G471MEY6TR, STM32G471QCT6, STM32G471QET3, STM32G471RCT6, STM32G471RET3, STM32G471RET6, STM32G471VCH6, STM32G471VCI6, STM32G471VCT6, STM32G471VEH3, STM32G471VEH6, STM32G471VEI3, STM32G471VEI6, STM32G471VET3, STM32G471VET6, STM32G473QET3Z, STM32G473RET3Z, STM32G474CCT6, STM32G491RET3Z, STM32H503CBT6, STM32H503CBU6, STM32H503EBY6TR, STM32H503KBU6, STM32H503RBT6, STM32H523CCT6, STM32H523CCU6, STM32H523CET6, STM32H523CEU6, STM32H523HEY6TR, STM32H523RCT6, STM32H523RET6, STM32H523VCI6, STM32H523VCT6, STM32H523VEI6, STM32H523VET6, STM32H523ZCJ6, STM32H523ZCT6, STM32H523ZEJ6, STM32H523ZET6, STM32H533CET6, STM32H533CEU6, STM32H533HEY6TR, STM32H533RET6, STM32H533VEI6, STM32H533VET6, STM32H533ZEJ6, STM32H533ZET6, STM32H562AGI6, STM32H562AII6, STM32H562IGK6, STM32H562IGT6, STM32H562IIK6, STM32H562IIT6, STM32H562RGT6, STM32H562RGV6, STM32H562RIT6, STM32H562RIV6, STM32H562VGT6, STM32H562VIT6, STM32H562ZGT6, STM32H562ZIT6, STM32H563AGI6, STM32H563AII3Q, STM32H563AII6, STM32H563IGK6, STM32H563IGT6, STM32H563IIK3Q, STM32H563IIK6, STM32H563IIT3Q, STM32H563IIT6, STM32H563MIY3QTR, STM32H563RGT6, STM32H563RGV6, STM32H563RIT6, STM32H563RIV6, STM32H563VGT6, STM32H563VIT3Q, STM32H563VIT6, STM32H563ZGT6, STM32H563ZIT3Q, STM32H563ZIT6, STM32H573AII3Q, STM32H573AII6, STM32H573I-DK, STM32H573IIK3Q, STM32H573IIK6, STM32H573IIT3Q, STM32H573IIT6, STM32H573MIY3QTR, STM32H573RIT6, STM32H573RIV6, STM32H573VIT3Q, STM32H573VIT6, STM32H573ZIT3Q, STM32H573ZIT6, STM32H7R3A8I6, STM32H7R3I8K6, STM32H7R3I8T6, STM32H7R3L8H6, STM32H7R3L8H6H, STM32H7R3R8V6, STM32H7R3V8H6, STM32H7R3V8T6, STM32H7R3V8Y6TR, STM32H7R3Z8J6, STM32H7R3Z8T6, STM32H7R7A8I6, STM32H7R7I8K6, STM32H7R7I8T6, STM32H7R7L8H6, STM32H7R7L8H6H, STM32H7R7Z8J6, STM32H7S3A8I6, STM32H7S3I8K6, STM32H7S3I8T6, STM32H7S3L8H6, STM32H7S3L8H6H, STM32H7S3R8V6, STM32H7S3V8H6, STM32H7S3V8T6, STM32H7S3V8Y6TR, STM32H7S3Z8J6, STM32H7S3Z8T6, STM32H7S78-DK, STM32H7S7A8I6, STM32H7S7I8K6, STM32H7S7I8T6, STM32H7S7L8H6, STM32H7S7L8H6H, STM32H7S7Z8J6, STM32L4R5QGI6STR, STM32MP131AAE3, STM32MP131AAF3, STM32MP131AAG3, STM32MP131CAE3, STM32MP131CAF3, STM32MP131CAG3, STM32MP131DAE7, STM32MP131DAF7, STM32MP131DAG7, STM32MP131FAE7, STM32MP131FAF7, STM32MP131FAG7, STM32MP133AAE3, STM32MP133AAF3, STM32MP133AAG3, STM32MP133CAE3, STM32MP133CAF3, STM32MP133CAG3, STM32MP133DAE7, STM32MP133DAF7, STM32MP133DAG7, STM32MP133FAE7, STM32MP133FAF7, STM32MP133FAG7, STM32MP135AAE3, STM32MP135AAF3, STM32MP135AAG3, STM32MP135CAE3, STM32MP135CAF3, STM32MP135CAG3, STM32MP135DAE7, STM32MP135DAF7, STM32MP135DAG7, STM32MP135F-DK, STM32MP135FAE7, STM32MP135FAF7, STM32MP135FAF7T, STM32MP135FAF7U, STM32MP135FAG7, STM32MP251AAI3, STM32MP251AAK3, STM32MP251AAL3, STM32MP251CAI3, STM32MP251CAK3, STM32MP251CAL3, STM32MP251DAI3, STM32MP251DAK3, STM32MP251DAL3, STM32MP251FAI3, STM32MP251FAK3, STM32MP251FAL3, STM32MP253AAI3, STM32MP253AAK3, STM32MP253AAL3, STM32MP253CAI3, STM32MP253CAK3, STM32MP253CAL3, STM32MP253DAI3, STM32MP253DAK3, STM32MP253DAL3, STM32MP253FAI3, STM32MP253FAK3, STM32MP253FAL3, STM32MP255AAI3, STM32MP255AAK3, STM32MP255AAL3, STM32MP255CAI3, STM32MP255CAK3, STM32MP255CAL3, STM32MP255DAI3, STM32MP255DAK3, STM32MP255DAL3, STM32MP255FAI3, STM32MP255FAK3, STM32MP255FAL3, STM32MP257AAI3, STM32MP257AAK3, STM32MP257AAL3, STM32MP257CAI3, STM32MP257CAK3, STM32MP257CAL3, STM32MP257DAI3, STM32MP257DAK3, STM32MP257DAL3, STM32MP257F-DK, STM32MP257F-EV1, STM32MP257FAI3, STM32MP257FAK3, STM32MP257FAL3, STM32U031C6T6, STM32U031C6U6, STM32U031C8T6, STM32U031C8U6, STM32U031F4P6, STM32U031F6P6, STM32U031F8P6, STM32U031G6Y6TR, STM32U031G8Y6TR, STM32U031K4U6, STM32U031K6U6, STM32U031K8U6, STM32U031R6I6, STM32U031R6T6, STM32U031R8I6, STM32U031R8T6, STM32U073C8T6, STM32U073C8U6, STM32U073CBT6, STM32U073CBU6, STM32U073CCT6, STM32U073CCU6, STM32U073H8Y6TR, STM32U073HBY6TR, STM32U073HCY6TR, STM32U073K8U6, STM32U073KBU6, STM32U073KCU6, STM32U073M8I6, STM32U073M8T6, STM32U073MBI6, STM32U073MBT6, STM32U073MCI6, STM32U073MCT6, STM32U073R8I6, STM32U073R8T6, STM32U073RBI6, STM32U073RBT6, STM32U073RCI6, STM32U073RCT6, STM32U083C-DK, STM32U083CCT6, STM32U083CCU6, STM32U083HCY6TR, STM32U083KCU6, STM32U083MCI6, STM32U083MCT6, STM32U083RCI6, STM32U083RCT6, STM32U535CBT6, STM32U535CBT6Q, STM32U535CBU6, STM32U535CBU6Q, STM32U535CCT6, STM32U535CCT6Q, STM32U535CCU6, STM32U535CCU6Q, STM32U535CET6, STM32U535CET6Q, STM32U535CEU6, STM32U535CEU6Q, STM32U535JEY6QTR, STM32U535NCY6QTR, STM32U535NEY6QTR, STM32U535RBI6, STM32U535RBI6Q, STM32U535RBT6, STM32U535RBT6Q, STM32U535RCI6, STM32U535RCI6Q, STM32U535RCT6, STM32U535RCT6Q, STM32U535REI6, STM32U535REI6Q, STM32U535RET6, STM32U535RET6Q, STM32U535VCI6, STM32U535VCI6Q, STM32U535VCT6, STM32U535VCT6Q, STM32U535VEI6, STM32U535VEI6Q, STM32U535VET6, STM32U535VET6Q, STM32U545CET6, STM32U545CET6Q, STM32U545CEU6, STM32U545CEU6Q, STM32U545JEY6QTR, STM32U545NEY6QTR, STM32U545REI6, STM32U545REI6Q, STM32U545RET6, STM32U545RET6Q, STM32U545VEI6, STM32U545VEI6Q, STM32U545VET6, STM32U545VET6Q, STM32U595AIH6, STM32U595AIH6Q, STM32U595AJH6, STM32U595AJH6Q, STM32U595QII6, STM32U595QII6Q, STM32U595QJI6, STM32U595QJI6Q, STM32U595RIT6, STM32U595RIT6Q, STM32U595RJT6, STM32U595RJT6Q, STM32U595VIT6, STM32U595VIT6Q, STM32U595VJT6, STM32U595VJT6Q, STM32U595ZIT6, STM32U595ZIT6Q, STM32U595ZIY6QTR, STM32U595ZJT6, STM32U595ZJT6Q, STM32U595ZJY6QTR, STM32U599BJY6QTR, STM32U599NIH6Q, STM32U599NJH6Q, STM32U599VIT6Q, STM32U599VJT6, STM32U599VJT6Q, STM32U599ZIT6Q, STM32U599ZIY6QTR, STM32U599ZJT6Q, STM32U599ZJY6QTR, STM32U5A5AJH6, STM32U5A5AJH6Q, STM32U5A5QII3Q , STM32U5A5QJI6, STM32U5A5QJI6Q, STM32U5A5RJT6, STM32U5A5RJT6Q, STM32U5A5VJT6, STM32U5A5VJT6Q, STM32U5A5ZJT6, STM32U5A5ZJT6Q, STM32U5A5ZJY6QTR, STM32U5A9BJY6QTR, STM32U5A9J-DK, STM32U5A9NJH6Q, STM32U5A9VJT6Q, STM32U5A9ZJT6Q, STM32U5A9ZJY6QTR, STM32U5F7VIT6, STM32U5F7VIT6Q, STM32U5F7VJT6, STM32U5F7VJT6Q, STM32U5F9BJY6QTR, STM32U5F9NJH6Q, STM32U5F9VIT6Q, STM32U5F9VJT6Q, STM32U5F9ZIJ6QTR, STM32U5F9ZIT6Q, STM32U5F9ZJJ6QTR, STM32U5F9ZJT6Q, STM32U5G7VJT6, STM32U5G7VJT6Q, STM32U5G9BJY6QTR, STM32U5G9J-DK1, STM32U5G9J-DK2, STM32U5G9NJH6Q, STM32U5G9VJT6Q, STM32U5G9ZJJ6QTR, STM32U5G9ZJT6Q, STM32WB05KZV6TR, STM32WB05KZV7TR, STM32WB05TZF6TR, STM32WB05TZF7TR, STM32WB06CCF6TR, STM32WB06CCF7TR, STM32WB06CCV6TR, STM32WB06CCV7TR, STM32WB06KCV6TR, STM32WB06KCV7TR, STM32WB07CCF6TR, STM32WB07CCF7TR, STM32WB07CCV6TR, STM32WB07CCV7TR, STM32WB07KCV6TR, STM32WB07KCV7TR, STM32WB09KEV6TR, STM32WB09KEV7TR, STM32WB09TEF6TR, STM32WB09TEF7TR, STM32WB1MMCH6, STM32WBA50KGU6, STM32WBA50KGU6TR, STM32WBA52CEU6, STM32WBA52CEU6TR, STM32WBA52CEU7, STM32WBA52CEU7TR, STM32WBA52CGU6, STM32WBA52CGU6TR, STM32WBA52CGU6U, STM32WBA52CGU7, STM32WBA52CGU7TR, STM32WBA52KEU6, STM32WBA52KEU6TR, STM32WBA52KGU6, STM32WBA52KGU6TR, STM32WBA54CEU6, STM32WBA54CEU6TR, STM32WBA54CEU7, STM32WBA54CEU7TR, STM32WBA54CGU6, STM32WBA54CGU6TR, STM32WBA54CGU7, STM32WBA54CGU7TR, STM32WBA54KEU6, STM32WBA54KEU6TR, STM32WBA54KEU7, STM32WBA54KEU7TR, STM32WBA54KGU6, STM32WBA54KGU6TR, STM32WBA54KGU7, STM32WBA54KGU7TR, STM32WBA55CEU6, STM32WBA55CEU6TR, STM32WBA55CEU7, STM32WBA55CEU7TR, STM32WBA55CGU6, STM32WBA55CGU6TR, STM32WBA55CGU6U, STM32WBA55CGU7, STM32WBA55CGU7TR, STM32WBA55G-DK1, STM32WBA55HEF6, STM32WBA55HEF7, STM32WBA55HGF6, STM32WBA55HGF7, STM32WBA55UEI6, STM32WBA55UEI6TR, STM32WBA55UEI7, STM32WBA55UEI7TR, STM32WBA55UGI6, STM32WBA55UGI6TR, STM32WBA55UGI7, STM32WBA55UGI7TR, STM32WL5MOCH6, STM32WL5MOCH6TR]
2024-10-14 22:23:43,119 [INFO] BoardInfo:889 - No configuration file found for board P-NUCLEO-WB55
2024-10-14 22:23:43,119 [INFO] DbBoards:161 - Kit is not supported: P-NUCLEO-WB55
2024-10-14 22:23:43,123 [INFO] BoardInfo:889 - No configuration file found for board STEVAL-BFA001V1B
2024-10-14 22:23:43,123 [INFO] DbBoards:161 - Kit is not supported: STEVAL-BFA001V1B
2024-10-14 22:23:43,124 [INFO] BoardInfo:889 - No configuration file found for board STEVAL-BFA001V2B
2024-10-14 22:23:43,124 [INFO] DbBoards:161 - Kit is not supported: STEVAL-BFA001V2B
2024-10-14 22:23:43,220 [INFO] DbBoards:168 - Found 201 boards, 198 are supported
2024-10-14 22:23:43,221 [INFO] DbBoards:169 - Found 201 boards, 25 of them is supported for  Bsp
2024-10-14 22:23:43,223 [INFO] ApiDb:423 - Load user favorites file C:\Users\User/.stm32cubeide/favorites.boards.txt: 1 item(s)
2024-10-14 22:23:43,223 [INFO] ApiDb:427 - User favorites Boards=[NUCLEO-G474RE]
2024-10-14 22:23:43,223 [INFO] DbBoards:198 - Set 1 / 1 favorites Boards
2024-10-14 22:23:43,227 [INFO] ApiDb:668 - CubeFinder database Data Model version=2.1
2024-10-14 22:23:43,227 [INFO] ApiDb:669 - CubeFinder database Configuration version=3.0.39
2024-10-14 22:23:43,227 [INFO] ApiDb:670 - CubeFinder database generation date=2024-09-16 (1726485674)
2024-10-14 22:23:43,227 [INFO] ApiDb:671 - CubeFinder database FW Pack versions=[FP-ATR-ASTRA1_V2.0.0, FP-SNS-FLIGHT1_V5.0.2, FP-SNS-MOTENV1_V5.0.0, FP-SNS-MOTENVWB1_V1.4.0, FP-SNS-SMARTAG2_V1.2.0, FP-SNS-STBOX1_V2.0.0, STM32Cube_FW_C0_V1.2.0, STM32Cube_FW_F4_V1.28.1, STM32Cube_FW_F7_V1.17.2, STM32Cube_FW_G0_V1.6.2, STM32Cube_FW_G4_V1.6.0, STM32Cube_FW_H5_V1.3.0, STM32Cube_FW_H7RS_V1.1.0, STM32Cube_FW_H7_V1.11.2, STM32Cube_FW_L0_V1.12.2, STM32Cube_FW_L5_V1.5.1, STM32Cube_FW_U0_V1.1.0, STM32Cube_FW_U5_V1.6.0, STM32Cube_FW_WB0_V1.0.0, STM32Cube_FW_WBA_V1.4.1, STM32Cube_FW_WB_V1.20.0, STM32Cube_FW_WL_V1.3.0, X-CUBE-ALGOBUILD_V1.4.0, X-CUBE-ALS_V1.0.2, X-CUBE-AZRTOS-F4_V1.1.0, X-CUBE-AZRTOS-F7_V1.1.0, X-CUBE-AZRTOS-G0_V1.1.0, X-CUBE-AZRTOS-G4_V2.0.0, X-CUBE-AZRTOS-H7RS_V1.0.0, X-CUBE-AZRTOS-H7_V3.2.0, X-CUBE-AZRTOS-L4_V2.0.0, X-CUBE-AZRTOS-L5_V2.0.0, X-CUBE-AZRTOS-WB_V2.0.0, X-CUBE-AZRTOS-WL_V2.0.0, X-CUBE-BLE1_V7.0.0, X-CUBE-BLE2_V3.3.0, X-CUBE-BLEMGR_V3.1.0, X-CUBE-EEPRMA1_V5.1.0, X-CUBE-FREERTOS_V1.2.0, X-CUBE-GNSS1_V6.0.0, X-CUBE-MEMS1_V11.0.0, X-CUBE-NFC4_V3.0.0, X-CUBE-NFC7_V1.0.1, X-CUBE-SFXS2LP1_V4.0.0, X-CUBE-SUBG2_V5.0.0, X-CUBE-TOF1_V3.4.2]
2024-10-14 22:23:43,390 [INFO] MainUpdater:2873 - connection check result : 10
2024-10-14 22:23:44,017 [ERROR] DbExamplesSqlite:437 - Missing JSON key: board_cpn
2024-10-14 22:23:44,017 [ERROR] DbExamplesSqlite:437 - Missing JSON key: board_cpn
2024-10-14 22:23:44,017 [ERROR] DbExamplesSqlite:437 - Missing JSON key: board_cpn
2024-10-14 22:23:44,017 [ERROR] DbExamplesSqlite:437 - Missing JSON key: board_cpn
2024-10-14 22:23:44,155 [ERROR] DbExamplesSqlite:437 - Missing JSON key: board_cpn
2024-10-14 22:23:44,155 [ERROR] DbExamplesSqlite:437 - Missing JSON key: board_cpn
2024-10-14 22:23:44,155 [ERROR] DbExamplesSqlite:437 - Missing JSON key: board_cpn
2024-10-14 22:23:44,156 [ERROR] DbExamplesSqlite:437 - Missing JSON key: board_cpn
2024-10-14 22:23:44,156 [ERROR] DbExamplesSqlite:437 - Missing JSON key: board_cpn
2024-10-14 22:23:44,156 [ERROR] DbExamplesSqlite:437 - Missing JSON key: board_cpn
2024-10-14 22:23:44,156 [ERROR] DbExamplesSqlite:437 - Missing JSON key: board_cpn
2024-10-14 22:23:44,156 [ERROR] DbExamplesSqlite:437 - Missing JSON key: board_cpn
2024-10-14 22:23:44,157 [ERROR] DbExamplesSqlite:437 - Missing JSON key: board_cpn
2024-10-14 22:23:44,158 [INFO] DbExamplesSqlite:395 - Ignored 28 examples not supported by CubeIDE
2024-10-14 22:23:44,159 [INFO] DbExamplesSqlite:396 - Found 8614 examples active
2024-10-14 22:23:44,159 [INFO] DbExamplesSqlite:397 - Found 0 examples obsolete
2024-10-14 22:23:44,159 [INFO] DbExamplesSqlite:398 - Found 0 examples under development
2024-10-14 22:23:44,159 [INFO] DbExamplesSqlite:399 - Found 10 examples not building
2024-10-14 22:23:44,161 [INFO] DbExamples:125 - Found 8596 examples
2024-10-14 22:23:44,174 [INFO] DbExamples:222 - Found 108 boards with related examples
2024-10-14 22:23:44,176 [INFO] DbExamples:235 - Found 90 MCUs with related examples
2024-10-14 22:23:44,198 [INFO] ApiDb:414 - User favorites file not found: C:\Users\User/.stm32cubeide/favorites.examples.txt
2024-10-14 22:23:44,198 [INFO] DbExamples:250 - Set 0 / 0 favorites Examples
2024-10-14 22:23:44,395 [INFO] McuFinderGlobals:76 - Set McuFinderConnectedMode to true
2024-10-14 22:23:44,426 [INFO] MultiScanPanel:200 - Auto-refresh data requested => check proxy status ongoing
2024-10-14 22:23:44,466 [INFO] FinderPluginLoader:95 - Searching for filters in installed packs
2024-10-14 22:23:45,828 [INFO] LoadUrlFilesThread:185 - End of LoadServerUrlFiles without Thread
2024-10-14 22:23:45,888 [INFO] DetailPanel:341 - Set advertising image to C:/Users/User/STM32Cube/Repository/\en.prom-stm32c071-usb-memories-mcu-finder.png
2024-10-14 22:23:47,153 [INFO] McuFinderGlobals:76 - Set McuFinderConnectedMode to true
2024-10-14 22:23:47,154 [INFO] MultiScanPanel:200 - Auto-refresh data requested => check proxy status ongoing
2024-10-14 22:23:47,155 [INFO] FinderPluginLoader:95 - Searching for filters in installed packs
2024-10-14 22:23:48,182 [INFO] LoadUrlFilesThread:185 - End of LoadServerUrlFiles without Thread
2024-10-14 22:23:48,182 [INFO] DetailPanel:341 - Set advertising image to C:/Users/User/STM32Cube/Repository/\en.prom-stm32c071-usb-memories-mcu-finder.png
2024-10-14 22:24:16,533 [INFO] MainUpdater:2873 - connection check result : 10
2024-10-14 22:24:16,533 [INFO] MainUpdater:2873 - connection check result : 10
2024-10-14 22:24:16,594 [INFO] RulesReader:64 - Compatibility file has been processed (297 Rules)
2024-10-14 22:24:16,606 [INFO] RulesReader:64 - Compatibility file has been processed (297 Rules)
2024-10-14 22:24:16,610 [INFO] MicroXplorer:468 - Change Database Path : 
2024-10-14 22:24:16,611 [INFO] MicroXplorer:498 - Change Database Version : DB.6.0.120
2024-10-14 22:24:16,618 [WARN] ThirdParty:871 - waiting for thirdparty lock release [close project]
2024-10-14 22:24:16,618 [INFO] ThirdParty:873 - entering critical section [close project]
2024-10-14 22:24:16,619 [INFO] ThirdParty:883 - exiting critical section [close project]
2024-10-14 22:24:16,621 [INFO] PinOutPanel:1561 - setPackage(No Configuration,No Configuration)
2024-10-14 22:24:16,623 [INFO] UtilMem:75 - Begin LoadConfig() Used Memory: 774985552 Bytes (1073741824)
2024-10-14 22:24:16,625 [INFO] MicroXplorer:468 - Change Database Path : 
2024-10-14 22:24:16,625 [INFO] MicroXplorer:498 - Change Database Version : DB.6.0.120
2024-10-14 22:24:16,625 [INFO] OpenFileManager:332 - Change cursor
2024-10-14 22:24:16,662 [INFO] Mcu:2032 - Initializing MCU STM32G474R(B-C-E)Tx STM32G474RETx STM32G474RET6
2024-10-14 22:24:22,730 [INFO] Context:742 - Trying to add GPIOservice into a context  which must be forbidden
2024-10-14 22:24:25,201 [INFO] ApiDbMcu:508 - Load IP Config File for NUCLEO-G474RE
2024-10-14 22:24:25,316 [INFO] ImportTextPane:205 - (OptionalMessage_ERROR) Unable to find key (Mcu.IP5) in loaded IOC file
2024-10-14 22:24:25,316 [INFO] ImportTextPane:205 - (OptionalMessage_ERROR) Unknown IP (dummy)
2024-10-14 22:24:25,446 [INFO] RtosManager:555 - Registered RTOS mode: class=CMSIS, group=RTOS, mode=CMSIS_V1, owner=FREERTOS
2024-10-14 22:24:25,447 [INFO] RtosManager:555 - Registered RTOS mode: class=CMSIS, group=RTOS2, mode=CMSIS_V2, owner=FREERTOS
2024-10-14 22:24:25,447 [INFO] RtosManager:555 - Registered RTOS mode: class=RTOS, group=Core, mode=CMSIS_V1, owner=FREERTOS
2024-10-14 22:24:25,447 [INFO] RtosManager:555 - Registered RTOS mode: class=RTOS, group=Core, mode=CMSIS_V2, owner=FREERTOS
2024-10-14 22:24:25,447 [WARN] ModelIntegratedComponent:184 - Missing modes for component STMicroelectronics:FreeRTOS:0.0.1:STMicroelectronics:RTOS:FreeRTOS:Core:::10.2.0:
2024-10-14 22:24:25,454 [WARN] ModelIntegratedComponent:63 - No mode defined for component null
2024-10-14 22:24:25,455 [WARN] ModelIntegratedComponent:63 - No mode defined for component null
2024-10-14 22:24:25,455 [WARN] ModelIntegratedComponent:63 - No mode defined for component null
2024-10-14 22:24:25,455 [WARN] ModelIntegratedComponent:63 - No mode defined for component null
2024-10-14 22:24:25,455 [WARN] ModelIntegratedComponent:63 - No mode defined for component null
2024-10-14 22:24:25,455 [WARN] ModelIntegratedComponent:63 - No mode defined for component null
2024-10-14 22:24:25,455 [WARN] ModelIntegratedComponent:63 - No mode defined for component null
2024-10-14 22:24:25,455 [WARN] ModelIntegratedComponent:63 - No mode defined for component null
2024-10-14 22:24:25,455 [WARN] ModelIntegratedComponent:63 - No mode defined for component null
2024-10-14 22:24:25,455 [WARN] ModelIntegratedComponent:63 - No mode defined for component null
2024-10-14 22:24:25,455 [WARN] ModelIntegratedComponent:63 - No mode defined for component null
2024-10-14 22:24:25,456 [WARN] ModelIntegratedComponent:63 - No mode defined for component null
2024-10-14 22:24:25,456 [WARN] ModelIntegratedComponent:63 - No mode defined for component null
2024-10-14 22:24:25,456 [WARN] ModelIntegratedComponent:63 - No mode defined for component null
2024-10-14 22:24:25,456 [WARN] ModelIntegratedComponent:63 - No mode defined for component null
2024-10-14 22:24:25,456 [WARN] ModelIntegratedComponent:63 - No mode defined for component null
2024-10-14 22:24:25,456 [WARN] ModelIntegratedComponent:63 - No mode defined for component null
2024-10-14 22:24:25,456 [WARN] ModelIntegratedComponent:63 - No mode defined for component null
2024-10-14 22:24:25,456 [WARN] ModelIntegratedComponent:63 - No mode defined for component null
2024-10-14 22:24:25,456 [WARN] ModelIntegratedComponent:63 - No mode defined for component null
2024-10-14 22:24:25,456 [WARN] ModelIntegratedComponent:63 - No mode defined for component null
2024-10-14 22:24:25,456 [WARN] ModelIntegratedComponent:63 - No mode defined for component null
2024-10-14 22:24:25,456 [WARN] ModelIntegratedComponent:63 - No mode defined for component null
2024-10-14 22:24:25,456 [WARN] ModelIntegratedComponent:63 - No mode defined for component null
2024-10-14 22:24:25,456 [WARN] ModelIntegratedComponent:63 - No mode defined for component null
2024-10-14 22:24:25,456 [WARN] ModelIntegratedComponent:63 - No mode defined for component null
2024-10-14 22:24:25,456 [WARN] ModelIntegratedComponent:63 - No mode defined for component null
2024-10-14 22:24:25,456 [WARN] ModelIntegratedComponent:63 - No mode defined for component null
2024-10-14 22:24:25,456 [WARN] ModelIntegratedComponent:63 - No mode defined for component null
2024-10-14 22:24:25,456 [WARN] ModelIntegratedComponent:63 - No mode defined for component null
2024-10-14 22:24:25,456 [WARN] ModelIntegratedComponent:63 - No mode defined for component null
2024-10-14 22:24:25,456 [WARN] ModelIntegratedComponent:63 - No mode defined for component null
2024-10-14 22:24:25,456 [WARN] ModelIntegratedComponent:63 - No mode defined for component null
2024-10-14 22:24:25,456 [WARN] ModelIntegratedComponent:63 - No mode defined for component null
2024-10-14 22:24:25,457 [WARN] ModelIntegratedComponent:63 - No mode defined for component null
2024-10-14 22:24:25,457 [WARN] ModelPack:524 - Component already loaded: STMicroelectronics:HAL Drivers:0.0.0:STMicroelectronics:Device:STMicro_Driver:XSPI:HAL::0.0.1:HAL_XSPI
2024-10-14 22:24:25,485 [INFO] ThirdPartyModel:298 - Start build external matchings
2024-10-14 22:24:25,586 [INFO] ThirdPartyModel:316 - End build external matchings
2024-10-14 22:24:26,229 [INFO] UtilMem:75 - End LoadConfig() Used Memory: 844100176 Bytes (1073741824)
2024-10-14 22:24:26,414 [WARN] ThirdParty:833 - waiting for thirdparty lock release [change project]
2024-10-14 22:24:26,414 [INFO] ThirdParty:835 - entering critical section [change project]
2024-10-14 22:24:26,414 [INFO] ThirdParty:1030 - CMSIS Pack Vendor :STMicroelectronics USBPD 4.1
2024-10-14 22:24:26,414 [INFO] ThirdParty:1030 - CMSIS Pack Vendor :STMicroelectronics X-CUBE-AZRTOS-H7 3.3.0
2024-10-14 22:24:26,414 [INFO] ThirdParty:1030 - CMSIS Pack Vendor :STMicroelectronics USB_HOST 2.0.0
2024-10-14 22:24:26,414 [INFO] ThirdParty:1030 - CMSIS Pack Vendor :STMicroelectronics X-CUBE-AZRTOS-F4 1.1.0
2024-10-14 22:24:26,414 [INFO] ThirdParty:1030 - CMSIS Pack Vendor :STMicroelectronics LIBJPEG 8.0.0
2024-10-14 22:24:26,414 [INFO] ThirdParty:1030 - CMSIS Pack Vendor :STMicroelectronics X-CUBE-SMBUS 2.1.0
2024-10-14 22:24:26,414 [INFO] ThirdParty:1030 - CMSIS Pack Vendor :STMicroelectronics X-CUBE-WB05N 1.1.0
2024-10-14 22:24:26,414 [INFO] ThirdParty:1030 - CMSIS Pack Vendor :STMicroelectronics USB_DEVICE 3.0.0
2024-10-14 22:24:26,414 [INFO] ThirdParty:1030 - CMSIS Pack Vendor :STMicroelectronics X-CUBE-TCPP 4.1.0
2024-10-14 22:24:26,414 [INFO] ThirdParty:1030 - CMSIS Pack Vendor :STMicroelectronics X-CUBE-IPS 3.0.0
2024-10-14 22:24:26,415 [INFO] ThirdParty:1030 - CMSIS Pack Vendor :STMicroelectronics X-CUBE-AZRTOS-WB 2.0.0
2024-10-14 22:24:26,415 [INFO] ThirdParty:1030 - CMSIS Pack Vendor :STMicroelectronics X-CUBE-AZRTOS-F7 1.1.0
2024-10-14 22:24:26,415 [INFO] ThirdParty:1030 - CMSIS Pack Vendor :STMicroelectronics X-CUBE-AZRTOS-L5 2.0.0
2024-10-14 22:24:26,415 [INFO] ThirdParty:1030 - CMSIS Pack Vendor :STMicroelectronics USB_DEVICE 2.0.0
2024-10-14 22:24:26,415 [INFO] ThirdParty:1030 - CMSIS Pack Vendor :STMicroelectronics FreeRTOS 0.0.1
2024-10-14 22:24:26,415 [INFO] ThirdParty:1030 - CMSIS Pack Vendor :STMicroelectronics X-CUBE-AZRTOS-G0 1.1.0
2024-10-14 22:24:26,415 [INFO] ThirdParty:1030 - CMSIS Pack Vendor :STMicroelectronics STM32_WPAN 1.0.0
2024-10-14 22:24:26,415 [INFO] ThirdParty:1030 - CMSIS Pack Vendor :EmbeddedOffice I-CUBE-FS-RTOS 1.0.1
2024-10-14 22:24:26,415 [INFO] ThirdParty:1030 - CMSIS Pack Vendor :STMicroelectronics lwIP 2.0.3
2024-10-14 22:24:26,415 [INFO] ThirdParty:1030 - CMSIS Pack Vendor :Cesanta I-CUBE-Mongoose 7.13.0
2024-10-14 22:24:26,415 [INFO] ThirdParty:1030 - CMSIS Pack Vendor :STMicroelectronics USB_HOST 1.0.0
2024-10-14 22:24:26,415 [INFO] ThirdParty:1030 - CMSIS Pack Vendor :STMicroelectronics X-CUBE-AZRTOS-G4 2.0.0
2024-10-14 22:24:26,415 [INFO] ThirdParty:1030 - CMSIS Pack Vendor :STMicroelectronics PDM2PCM 3.1.0
2024-10-14 22:24:26,415 [INFO] ThirdParty:1030 - CMSIS Pack Vendor :STMicroelectronics PDM2PCM 3.3.0
2024-10-14 22:24:26,415 [INFO] ThirdParty:1030 - CMSIS Pack Vendor :RealThread X-CUBE-RT-Thread_Nano 4.1.1
2024-10-14 22:24:26,415 [INFO] ThirdParty:1030 - CMSIS Pack Vendor :wolfSSL I-CUBE-wolfSSL 5.7.2
2024-10-14 22:24:26,415 [INFO] ThirdParty:1030 - CMSIS Pack Vendor :STMicroelectronics HAL Drivers 0.0.0
2024-10-14 22:24:26,415 [INFO] ThirdParty:1030 - CMSIS Pack Vendor :STMicroelectronics MBEDTLS 2.16.2
2024-10-14 22:24:26,415 [INFO] ThirdParty:1030 - CMSIS Pack Vendor :emotas I-CUBE-CANOPEN 1.3.0
2024-10-14 22:24:26,415 [INFO] ThirdParty:1030 - CMSIS Pack Vendor :STMicroelectronics MBEDTLS 2.14.1
2024-10-14 22:24:26,416 [INFO] ThirdParty:1030 - CMSIS Pack Vendor :ITTIA_DB I-CUBE-ITTIADB 8.9.0
2024-10-14 22:24:26,416 [INFO] ThirdParty:1030 - CMSIS Pack Vendor :STMicroelectronics X-CUBE-TOUCHGFX 4.24.1
2024-10-14 22:24:26,416 [INFO] ThirdParty:1030 - CMSIS Pack Vendor :wolfSSL I-CUBE-wolfTPM 3.4.0
2024-10-14 22:24:26,416 [INFO] ThirdParty:1030 - CMSIS Pack Vendor :portGmbH I-Cube-SoM-uGOAL 1.1.0
2024-10-14 22:24:26,416 [INFO] ThirdParty:1030 - CMSIS Pack Vendor :STMicroelectronics ThreadX 1.0.0
2024-10-14 22:24:26,416 [INFO] ThirdParty:1030 - CMSIS Pack Vendor :STMicroelectronics X-CUBE-AZRTOS-WL 2.0.0
2024-10-14 22:24:26,416 [INFO] ThirdParty:1030 - CMSIS Pack Vendor :SEGGER I-CUBE-embOS 1.3.1
2024-10-14 22:24:26,416 [INFO] ThirdParty:1030 - CMSIS Pack Vendor :STMicroelectronics X-CUBE-ALGOBUILD 1.4.0
2024-10-14 22:24:26,416 [INFO] ThirdParty:1030 - CMSIS Pack Vendor :STMicroelectronics USB_DEVICE 1.0.0
2024-10-14 22:24:26,416 [INFO] ThirdParty:1030 - CMSIS Pack Vendor :STMicroelectronics X-CUBE-AZRTOS-H7RS 1.0.0
2024-10-14 22:24:26,416 [INFO] ThirdParty:1030 - CMSIS Pack Vendor :wolfSSL I-CUBE-wolfMQTT 1.19.0
2024-10-14 22:24:26,417 [INFO] ThirdParty:1030 - CMSIS Pack Vendor :STMicroelectronics X-CUBE-AZRTOS-L4 2.0.0
2024-10-14 22:24:26,417 [INFO] ThirdParty:1030 - CMSIS Pack Vendor :STMicroelectronics ThreadX 0.0.2
2024-10-14 22:24:26,417 [INFO] ThirdParty:1030 - CMSIS Pack Vendor :WES I-CUBE-Cesium 1.3.0
2024-10-14 22:24:26,417 [INFO] ThirdParty:1030 - CMSIS Pack Vendor :STMicroelectronics lwIP 2.1.2
2024-10-14 22:24:26,417 [INFO] ThirdParty:1030 - CMSIS Pack Vendor :STMicroelectronics X-CUBE-TOF1 3.4.2
2024-10-14 22:24:26,417 [INFO] ThirdParty:1030 - CMSIS Pack Vendor :Infineon AIROC-Wi-Fi-Bluetooth-STM32 1.6.1
2024-10-14 22:24:26,417 [INFO] ThirdParty:1030 - CMSIS Pack Vendor :STMicroelectronics PDM2PCM 3.2.0
2024-10-14 22:24:26,417 [INFO] ThirdParty:1030 - CMSIS Pack Vendor :wolfSSL I-CUBE-wolfSSH 1.4.17
2024-10-14 22:24:26,417 [INFO] ThirdParty:841 - exiting critical section [change project]
2024-10-14 22:24:27,043 [INFO] PinOutPanel:1561 - setPackage(No Configuration,No Configuration)
2024-10-14 22:24:27,044 [INFO] PinOutPanel:1561 - setPackage(STM32G474RETx,LQFP64)
2024-10-14 22:24:27,543 [INFO] UtilMem:75 - Before build in PCC Used Memory: 732004912 Bytes (1073741824)
2024-10-14 22:24:28,584 [INFO] UtilMem:75 - After build in PCC Used Memory: 889817664 Bytes (1073741824)
2024-10-14 22:24:28,620 [INFO] IPUIPlugin:80 - create IPUIPlugin
2024-10-14 22:24:28,620 [INFO] IPUIPlugin:80 - create IPUIPlugin
2024-10-14 22:24:28,620 [INFO] IPUIPlugin:80 - create IPUIPlugin
2024-10-14 22:24:28,620 [INFO] IPUIPlugin:80 - create IPUIPlugin
2024-10-14 22:24:28,620 [INFO] IPUIPlugin:80 - create IPUIPlugin
2024-10-14 22:24:28,621 [INFO] IPUIPlugin:80 - create IPUIPlugin
2024-10-14 22:24:28,621 [INFO] IPUIPlugin:80 - create IPUIPlugin
2024-10-14 22:24:28,621 [INFO] IPUIPlugin:80 - create IPUIPlugin
2024-10-14 22:24:28,621 [INFO] IPUIPlugin:80 - create IPUIPlugin
2024-10-14 22:24:28,621 [INFO] IPUIPlugin:80 - create IPUIPlugin
2024-10-14 22:24:28,621 [INFO] IPUIPlugin:80 - create IPUIPlugin
2024-10-14 22:24:28,621 [INFO] IPUIPlugin:80 - create IPUIPlugin
2024-10-14 22:24:28,621 [INFO] IPUIPlugin:80 - create IPUIPlugin
2024-10-14 22:24:28,622 [INFO] IPUIPlugin:80 - create IPUIPlugin
2024-10-14 22:24:28,622 [INFO] IPUIPlugin:80 - create IPUIPlugin
2024-10-14 22:24:28,622 [INFO] IPUIPlugin:80 - create IPUIPlugin
2024-10-14 22:24:28,622 [INFO] IPUIPlugin:80 - create IPUIPlugin
2024-10-14 22:24:28,623 [INFO] IPUIPlugin:80 - create IPUIPlugin
2024-10-14 22:24:28,623 [INFO] IPUIPlugin:80 - create IPUIPlugin
2024-10-14 22:24:28,623 [INFO] IPUIPlugin:80 - create IPUIPlugin
2024-10-14 22:24:28,623 [INFO] IPUIPlugin:80 - create IPUIPlugin
2024-10-14 22:24:28,623 [INFO] IPUIPlugin:80 - create IPUIPlugin
2024-10-14 22:24:28,623 [INFO] IPUIPlugin:80 - create IPUIPlugin
2024-10-14 22:24:28,624 [INFO] IPUIPlugin:80 - create IPUIPlugin
2024-10-14 22:24:28,624 [INFO] IPUIPlugin:80 - create IPUIPlugin
2024-10-14 22:24:28,624 [INFO] IPUIPlugin:80 - create IPUIPlugin
2024-10-14 22:24:28,624 [INFO] IPUIPlugin:80 - create IPUIPlugin
2024-10-14 22:24:28,625 [INFO] IPUIPlugin:80 - create IPUIPlugin
2024-10-14 22:24:28,625 [INFO] IPUIPlugin:80 - create IPUIPlugin
2024-10-14 22:24:28,625 [INFO] IPUIPlugin:80 - create IPUIPlugin
2024-10-14 22:24:28,625 [INFO] IPUIPlugin:80 - create IPUIPlugin
2024-10-14 22:24:28,626 [INFO] IPUIPlugin:80 - create IPUIPlugin
2024-10-14 22:24:28,626 [INFO] IPUIPlugin:80 - create IPUIPlugin
2024-10-14 22:24:28,626 [INFO] IPUIPlugin:80 - create IPUIPlugin
2024-10-14 22:24:28,626 [INFO] IPUIPlugin:80 - create IPUIPlugin
2024-10-14 22:24:28,627 [INFO] IPUIPlugin:80 - create IPUIPlugin
2024-10-14 22:24:28,627 [INFO] IPUIPlugin:80 - create IPUIPlugin
2024-10-14 22:24:28,627 [INFO] IPUIPlugin:80 - create IPUIPlugin
2024-10-14 22:24:28,628 [INFO] IPUIPlugin:80 - create IPUIPlugin
2024-10-14 22:24:28,628 [INFO] IPUIPlugin:80 - create IPUIPlugin
2024-10-14 22:24:28,628 [INFO] IPUIPlugin:80 - create IPUIPlugin
2024-10-14 22:24:28,628 [INFO] IPUIPlugin:80 - create IPUIPlugin
2024-10-14 22:24:28,628 [INFO] IPUIPlugin:80 - create IPUIPlugin
2024-10-14 22:24:28,629 [INFO] IPUIPlugin:80 - create IPUIPlugin
2024-10-14 22:24:28,629 [INFO] IPUIPlugin:80 - create IPUIPlugin
2024-10-14 22:24:28,629 [INFO] IPUIPlugin:80 - create IPUIPlugin
2024-10-14 22:24:28,629 [INFO] IPUIPlugin:80 - create IPUIPlugin
2024-10-14 22:24:28,629 [INFO] IPUIPlugin:80 - create IPUIPlugin
2024-10-14 22:24:28,630 [INFO] IPUIPlugin:80 - create IPUIPlugin
2024-10-14 22:24:28,630 [INFO] IPUIPlugin:80 - create IPUIPlugin
2024-10-14 22:24:28,631 [INFO] IPUIPlugin:80 - create IPUIPlugin
2024-10-14 22:24:28,631 [INFO] IPUIPlugin:80 - create IPUIPlugin
2024-10-14 22:24:28,631 [INFO] IPUIPlugin:80 - create IPUIPlugin
2024-10-14 22:24:28,631 [INFO] IPUIPlugin:80 - create IPUIPlugin
2024-10-14 22:24:28,632 [INFO] IPUIPlugin:80 - create IPUIPlugin
2024-10-14 22:24:28,632 [INFO] IPUIPlugin:80 - create IPUIPlugin
2024-10-14 22:24:28,632 [INFO] IPUIPlugin:80 - create IPUIPlugin
2024-10-14 22:24:28,632 [INFO] IPUIPlugin:80 - create IPUIPlugin
2024-10-14 22:24:28,633 [INFO] IPUIPlugin:80 - create IPUIPlugin
2024-10-14 22:24:28,633 [INFO] IPUIPlugin:80 - create IPUIPlugin
2024-10-14 22:24:28,633 [INFO] IPUIPlugin:80 - create IPUIPlugin
2024-10-14 22:24:28,633 [INFO] IPUIPlugin:80 - create IPUIPlugin
2024-10-14 22:24:28,634 [INFO] IPUIPlugin:80 - create IPUIPlugin
2024-10-14 22:24:28,634 [INFO] IPUIPlugin:80 - create IPUIPlugin
2024-10-14 22:24:28,635 [INFO] IPUIPlugin:80 - create IPUIPlugin
2024-10-14 22:24:28,635 [INFO] IPUIPlugin:80 - create IPUIPlugin
2024-10-14 22:24:28,635 [INFO] IPUIPlugin:80 - create IPUIPlugin
2024-10-14 22:24:28,636 [INFO] IPUIPlugin:80 - create IPUIPlugin
2024-10-14 22:24:28,636 [INFO] IPUIPlugin:80 - create IPUIPlugin
2024-10-14 22:24:28,636 [INFO] IPUIPlugin:80 - create IPUIPlugin
2024-10-14 22:24:28,637 [INFO] IPUIPlugin:80 - create IPUIPlugin
2024-10-14 22:24:28,637 [INFO] IPUIPlugin:80 - create IPUIPlugin
2024-10-14 22:24:28,637 [INFO] IPUIPlugin:80 - create IPUIPlugin
2024-10-14 22:24:28,638 [INFO] IPUIPlugin:80 - create IPUIPlugin
2024-10-14 22:24:28,638 [INFO] IPUIPlugin:80 - create IPUIPlugin
2024-10-14 22:24:28,639 [INFO] IPUIPlugin:80 - create IPUIPlugin
2024-10-14 22:24:28,640 [INFO] IPUIPlugin:80 - create IPUIPlugin
2024-10-14 22:24:28,640 [INFO] IPUIPlugin:80 - create IPUIPlugin
2024-10-14 22:24:28,825 [INFO] CADModel:165 - CPN selected for project levelSTM32G474RET6
2024-10-14 22:24:28,825 [INFO] CADModel:114 - Register for checkConnection events
2024-10-14 22:24:28,872 [INFO] OpenFileManager:363 - Restore cursor
2024-10-14 22:24:30,803 [INFO] UtilMem:75 - End SaveConfig() Used Memory: 735239312 Bytes (1073741824)
2024-10-14 22:24:30,876 [INFO] UtilMem:75 - End SaveConfig() Used Memory: 759364568 Bytes (1073741824)
2024-10-14 22:24:31,454 [INFO] BlockDiagram:2766 - set Specific Code input for plugin: NUCLEO-G474RE
2024-10-14 22:24:31,454 [INFO] BlockDiagram:2766 - set Specific Code input for plugin: SYS
2024-10-14 22:24:31,454 [INFO] BlockDiagram:2766 - set Specific Code input for plugin: RCC
2024-10-14 22:24:31,455 [INFO] BlockDiagram:2766 - set Specific Code input for plugin: NVIC
2024-10-14 22:24:31,455 [INFO] BlockDiagram:2766 - set Specific Code input for plugin: GPIO
2024-10-14 22:24:31,456 [INFO] CodeGenerator:807 - code generatio: config db path: D:\STM32IDE\STM32CubeIDE_1.16.0\STM32CubeIDE\plugins\com.st.stm32cube.common.mx_6.12.0.202406281431\\db\
2024-10-14 22:24:31,788 [INFO] CodeEngine:255 - oldGeneratedFile, D:\2year2\RMX\stm\STM32Test\forSTM\STM32Test\MXTmpFiles\license.tmp_save
2024-10-14 22:24:31,999 [ERROR] IocParser:95 - Exception caught: Cannot invoke "java.lang.CharSequence.length()" because "this.text" is null
2024-10-14 22:24:32,257 [INFO] CodeEngine:279 - Generated code: D:\2year2\RMX\stm\STM32Test\forSTM\STM32Test\MXTmpFiles\license.tmp
2024-10-14 22:24:32,314 [INFO] CodeEngine:255 - oldGeneratedFile, D:\2year2\RMX\stm\STM32Test\forSTM\STM32Test\MXTmpFiles\gpio.tmp_save
2024-10-14 22:24:32,471 [INFO] CodeEngine:279 - Generated code: D:\2year2\RMX\stm\STM32Test\forSTM\STM32Test\MXTmpFiles\gpio.tmp
2024-10-14 22:24:32,553 [INFO] CodeEngine:255 - oldGeneratedFile, D:\2year2\RMX\stm\STM32Test\forSTM\STM32Test\Core\Inc\stm32g4xx_nucleo_conf.h_save
2024-10-14 22:24:32,690 [INFO] CodeEngine:279 - Generated code: D:\2year2\RMX\stm\STM32Test\forSTM\STM32Test\Core\Inc\stm32g4xx_nucleo_conf.h
2024-10-14 22:24:32,706 [INFO] CodeEngine:255 - oldGeneratedFile, D:\2year2\RMX\stm\STM32Test\forSTM\STM32Test\MXTmpFiles\bsp_inc.tmp_save
2024-10-14 22:24:32,810 [INFO] CodeEngine:279 - Generated code: D:\2year2\RMX\stm\STM32Test\forSTM\STM32Test\MXTmpFiles\bsp_inc.tmp
2024-10-14 22:24:32,828 [INFO] CodeEngine:255 - oldGeneratedFile, D:\2year2\RMX\stm\STM32Test\forSTM\STM32Test\MXTmpFiles\bsp_common_vars.tmp_save
2024-10-14 22:24:32,927 [INFO] CodeEngine:279 - Generated code: D:\2year2\RMX\stm\STM32Test\forSTM\STM32Test\MXTmpFiles\bsp_common_vars.tmp
2024-10-14 22:24:32,939 [INFO] CodeEngine:255 - oldGeneratedFile, D:\2year2\RMX\stm\STM32Test\forSTM\STM32Test\MXTmpFiles\bsp_common_init.tmp_save
2024-10-14 22:24:33,039 [INFO] CodeEngine:279 - Generated code: D:\2year2\RMX\stm\STM32Test\forSTM\STM32Test\MXTmpFiles\bsp_common_init.tmp
2024-10-14 22:24:33,056 [INFO] CodeEngine:255 - oldGeneratedFile, D:\2year2\RMX\stm\STM32Test\forSTM\STM32Test\MXTmpFiles\bsp_common_demo_before_while.tmp_save
2024-10-14 22:24:33,151 [INFO] CodeEngine:279 - Generated code: D:\2year2\RMX\stm\STM32Test\forSTM\STM32Test\MXTmpFiles\bsp_common_demo_before_while.tmp
2024-10-14 22:24:33,162 [INFO] CodeEngine:255 - oldGeneratedFile, D:\2year2\RMX\stm\STM32Test\forSTM\STM32Test\MXTmpFiles\bsp_common_demo_inside_while.tmp_save
2024-10-14 22:24:33,252 [INFO] CodeEngine:279 - Generated code: D:\2year2\RMX\stm\STM32Test\forSTM\STM32Test\MXTmpFiles\bsp_common_demo_inside_while.tmp
2024-10-14 22:24:33,264 [INFO] CodeEngine:255 - oldGeneratedFile, D:\2year2\RMX\stm\STM32Test\forSTM\STM32Test\MXTmpFiles\bsp_common_demo_fct.tmp_save
2024-10-14 22:24:33,347 [INFO] CodeEngine:279 - Generated code: D:\2year2\RMX\stm\STM32Test\forSTM\STM32Test\MXTmpFiles\bsp_common_demo_fct.tmp
2024-10-14 22:24:33,367 [INFO] CodeEngine:255 - oldGeneratedFile, D:\2year2\RMX\stm\STM32Test\forSTM\STM32Test\Core\Src\stm32g4xx_it.c_save
2024-10-14 22:24:33,501 [INFO] CodeEngine:279 - Generated code: D:\2year2\RMX\stm\STM32Test\forSTM\STM32Test\Core\Src\stm32g4xx_it.c
2024-10-14 22:24:33,513 [INFO] CodeEngine:255 - oldGeneratedFile, D:\2year2\RMX\stm\STM32Test\forSTM\STM32Test\Core\Inc\stm32g4xx_it.h_save
2024-10-14 22:24:33,627 [INFO] CodeEngine:279 - Generated code: D:\2year2\RMX\stm\STM32Test\forSTM\STM32Test\Core\Inc\stm32g4xx_it.h
2024-10-14 22:24:33,656 [INFO] CodeEngine:255 - oldGeneratedFile, D:\2year2\RMX\stm\STM32Test\forSTM\STM32Test\Core\Src\stm32g4xx_hal_msp.c_save
2024-10-14 22:24:33,834 [INFO] CodeEngine:279 - Generated code: D:\2year2\RMX\stm\STM32Test\forSTM\STM32Test\Core\Src\stm32g4xx_hal_msp.c
2024-10-14 22:24:33,848 [INFO] CodeEngine:255 - oldGeneratedFile, D:\2year2\RMX\stm\STM32Test\forSTM\STM32Test\MXTmpFiles\system.tmp_save
2024-10-14 22:24:33,923 [INFO] CodeEngine:279 - Generated code: D:\2year2\RMX\stm\STM32Test\forSTM\STM32Test\MXTmpFiles\system.tmp
2024-10-14 22:24:33,946 [INFO] CodeEngine:311 - oldGeneratedFile, D:\2year2\RMX\stm\STM32Test\forSTM\STM32Test\Core\Inc\stm32g4xx_hal_conf.h_save
2024-10-14 22:24:34,051 [INFO] CodeEngine:335 - Generated code: D:\2year2\RMX\stm\STM32Test\forSTM\STM32Test\Core\Inc\stm32g4xx_hal_conf.h
2024-10-14 22:24:34,084 [WARN] IPConfigManager:3005 - Warning: the RefConfig RCC_CommonPeriphClockConfig is not available in your config.xml file
2024-10-14 22:24:34,119 [INFO] CodeEngine:255 - oldGeneratedFile, D:\2year2\RMX\stm\STM32Test\forSTM\STM32Test\Core\Inc\main.h_save
2024-10-14 22:24:34,260 [INFO] CodeEngine:279 - Generated code: D:\2year2\RMX\stm\STM32Test\forSTM\STM32Test\Core\Inc\main.h
2024-10-14 22:24:34,273 [INFO] CodeEngine:255 - oldGeneratedFile, D:\2year2\RMX\stm\STM32Test\forSTM\STM32Test\Core\Src\main.c_save
2024-10-14 22:24:34,450 [INFO] CodeEngine:279 - Generated code: D:\2year2\RMX\stm\STM32Test\forSTM\STM32Test\Core\Src\main.c
2024-10-14 22:24:34,881 [INFO] ProjectBuilder:3249 - Time for Copy HAL[1] : 218mS.
2024-10-14 22:24:34,895 [INFO] ProjectBuilder:4828 - Project Generator version: 4.4.0-B60
2024-10-14 22:24:35,007 [INFO] ConfigFileManager:1531 - The Die is : DIE469
2024-10-14 22:24:35,023 [INFO] ApiDbMcu:508 - Load IP Config File for FATFS
2024-10-14 22:24:35,042 [INFO] ApiDbMcu:508 - Load IP Config File for FREERTOS
2024-10-14 22:24:35,060 [INFO] ApiDbMcu:508 - Load IP Config File for USBPD
2024-10-14 22:24:35,084 [INFO] ApiDbMcu:508 - Load IP Config File for USB_Device
2024-10-14 22:24:35,781 [INFO] LogOutputStream:77 - [STDOUT_REDIRECT] 
2024-10-14 22:24:39,664 [INFO] ProjectBuilder:5097 - Time for Generating toolchain IDE Files: 4768mS.
2024-10-14 22:24:39,664 [INFO] ProjectBuilder:3107 - Time for Copy CMSIS : 0mS.
2024-10-14 22:24:39,667 [INFO] ProjectBuilder:3107 - Time for Copy CMSIS : 0mS.
2024-10-14 22:24:40,609 [INFO] McuFinderGlobals:76 - Set McuFinderConnectedMode to true
2024-10-14 22:24:40,823 [INFO] ApiDb:448 - Save user favorites file C:\Users\User/.stm32cubeide/favorites.mcus.txt: 0 item(s)
2024-10-14 22:24:40,823 [INFO] ApiDb:452 - User favorites MCUs=[]
2024-10-14 22:24:41,251 [ERROR] LogOutputStream:75 - [STDERR_REDIRECT] Exception in thread "AWT-EventQueue-0" java.awt.IllegalComponentStateException: Native resources unavailable
2024-10-14 22:24:41,254 [ERROR] LogOutputStream:75 - [STDERR_REDIRECT] 	at java.desktop/sun.awt.windows.WWindowPeer.getScreenImOn(Native Method)
2024-10-14 22:24:41,256 [ERROR] LogOutputStream:75 - [STDERR_REDIRECT] 	at java.desktop/sun.awt.windows.WWindowPeer.updateGC(WWindowPeer.java:566)
2024-10-14 22:24:41,257 [ERROR] LogOutputStream:75 - [STDERR_REDIRECT] 	at java.desktop/java.awt.event.InvocationEvent.dispatch(InvocationEvent.java:318)
2024-10-14 22:24:41,258 [ERROR] LogOutputStream:75 - [STDERR_REDIRECT] 	at java.desktop/java.awt.EventQueue.dispatchEventImpl(EventQueue.java:773)
2024-10-14 22:24:41,259 [ERROR] LogOutputStream:75 - [STDERR_REDIRECT] 	at java.desktop/java.awt.EventQueue$4.run(EventQueue.java:720)
2024-10-14 22:24:41,260 [ERROR] LogOutputStream:75 - [STDERR_REDIRECT] 	at java.desktop/java.awt.EventQueue$4.run(EventQueue.java:714)
2024-10-14 22:24:41,262 [ERROR] LogOutputStream:75 - [STDERR_REDIRECT] 	at java.base/java.security.AccessController.doPrivileged(AccessController.java:399)
2024-10-14 22:24:41,264 [ERROR] LogOutputStream:75 - [STDERR_REDIRECT] 	at java.base/java.security.ProtectionDomain$JavaSecurityAccessImpl.doIntersectionPrivilege(ProtectionDomain.java:86)
2024-10-14 22:24:41,267 [ERROR] LogOutputStream:75 - [STDERR_REDIRECT] 	at java.base/java.security.ProtectionDomain$JavaSecurityAccessImpl.doIntersectionPrivilege(ProtectionDomain.java:97)
2024-10-14 22:24:41,268 [ERROR] LogOutputStream:75 - [STDERR_REDIRECT] 	at java.desktop/java.awt.EventQueue$5.run(EventQueue.java:747)
2024-10-14 22:24:41,269 [ERROR] LogOutputStream:75 - [STDERR_REDIRECT] 	at java.desktop/java.awt.EventQueue$5.run(EventQueue.java:745)
2024-10-14 22:24:41,271 [ERROR] LogOutputStream:75 - [STDERR_REDIRECT] 	at java.base/java.security.AccessController.doPrivileged(AccessController.java:399)
2024-10-14 22:24:41,273 [ERROR] LogOutputStream:75 - [STDERR_REDIRECT] 	at java.base/java.security.ProtectionDomain$JavaSecurityAccessImpl.doIntersectionPrivilege(ProtectionDomain.java:86)
2024-10-14 22:24:41,275 [ERROR] LogOutputStream:75 - [STDERR_REDIRECT] 	at java.desktop/java.awt.EventQueue.dispatchEvent(EventQueue.java:744)
2024-10-14 22:24:41,277 [ERROR] LogOutputStream:75 - [STDERR_REDIRECT] 	at java.desktop/java.awt.EventDispatchThread.pumpOneEventForFilters(EventDispatchThread.java:203)
2024-10-14 22:24:41,280 [ERROR] LogOutputStream:75 - [STDERR_REDIRECT] 	at java.desktop/java.awt.EventDispatchThread.pumpEventsForFilter(EventDispatchThread.java:124)
2024-10-14 22:24:41,282 [ERROR] LogOutputStream:75 - [STDERR_REDIRECT] 	at java.desktop/java.awt.EventDispatchThread.pumpEventsForHierarchy(EventDispatchThread.java:113)
2024-10-14 22:24:41,284 [ERROR] LogOutputStream:75 - [STDERR_REDIRECT] 	at java.desktop/java.awt.EventDispatchThread.pumpEvents(EventDispatchThread.java:109)
2024-10-14 22:24:41,286 [ERROR] LogOutputStream:75 - [STDERR_REDIRECT] 	at java.desktop/java.awt.EventDispatchThread.pumpEvents(EventDispatchThread.java:101)
2024-10-14 22:24:41,287 [ERROR] LogOutputStream:75 - [STDERR_REDIRECT] 	at java.desktop/java.awt.EventDispatchThread.run(EventDispatchThread.java:90)
2024-10-14 22:36:41,073 [ERROR] LogOutputStream:75 - [STDERR_REDIRECT] Exception in thread "AWT-EventQueue-0" org.eclipse.swt.SWTException: Device is disposed
2024-10-14 22:36:41,074 [ERROR] LogOutputStream:75 - [STDERR_REDIRECT] 	at org.eclipse.swt.SWT.error(SWT.java:4918)
2024-10-14 22:36:41,076 [ERROR] LogOutputStream:75 - [STDERR_REDIRECT] 	at org.eclipse.swt.SWT.error(SWT.java:4833)
2024-10-14 22:36:41,077 [ERROR] LogOutputStream:75 - [STDERR_REDIRECT] 	at org.eclipse.swt.SWT.error(SWT.java:4804)
2024-10-14 22:36:41,078 [ERROR] LogOutputStream:75 - [STDERR_REDIRECT] 	at org.eclipse.swt.widgets.Display.error(Display.java:1278)
2024-10-14 22:36:41,080 [ERROR] LogOutputStream:75 - [STDERR_REDIRECT] 	at org.eclipse.swt.widgets.Display.asyncExec(Display.java:774)
2024-10-14 22:36:41,084 [ERROR] LogOutputStream:75 - [STDERR_REDIRECT] 	at com.st.stm32cube.common.mx.oss.core.awtswtbridge.AwtEnvironment$2.run(AwtEnvironment.java:168)
2024-10-14 22:36:41,086 [ERROR] LogOutputStream:75 - [STDERR_REDIRECT] 	at java.desktop/java.awt.event.InvocationEvent.dispatch(InvocationEvent.java:318)
2024-10-14 22:36:41,087 [ERROR] LogOutputStream:75 - [STDERR_REDIRECT] 	at java.desktop/java.awt.EventQueue.dispatchEventImpl(EventQueue.java:773)
2024-10-14 22:36:41,089 [ERROR] LogOutputStream:75 - [STDERR_REDIRECT] 	at java.desktop/java.awt.EventQueue$4.run(EventQueue.java:720)
2024-10-14 22:36:41,090 [ERROR] LogOutputStream:75 - [STDERR_REDIRECT] 	at java.desktop/java.awt.EventQueue$4.run(EventQueue.java:714)
2024-10-14 22:36:41,092 [ERROR] LogOutputStream:75 - [STDERR_REDIRECT] 	at java.base/java.security.AccessController.doPrivileged(AccessController.java:399)
2024-10-14 22:36:41,095 [ERROR] LogOutputStream:75 - [STDERR_REDIRECT] 	at java.base/java.security.ProtectionDomain$JavaSecurityAccessImpl.doIntersectionPrivilege(ProtectionDomain.java:86)
2024-10-14 22:36:41,096 [ERROR] LogOutputStream:75 - [STDERR_REDIRECT] 	at java.desktop/java.awt.EventQueue.dispatchEvent(EventQueue.java:742)
2024-10-14 22:36:41,098 [ERROR] LogOutputStream:75 - [STDERR_REDIRECT] 	at java.desktop/java.awt.EventDispatchThread.pumpOneEventForFilters(EventDispatchThread.java:203)
2024-10-14 22:36:41,100 [ERROR] LogOutputStream:75 - [STDERR_REDIRECT] 	at java.desktop/java.awt.EventDispatchThread.pumpEventsForFilter(EventDispatchThread.java:124)
2024-10-14 22:36:41,102 [ERROR] LogOutputStream:75 - [STDERR_REDIRECT] 	at java.desktop/java.awt.EventDispatchThread.pumpEventsForHierarchy(EventDispatchThread.java:113)
2024-10-14 22:36:41,103 [ERROR] LogOutputStream:75 - [STDERR_REDIRECT] 	at java.desktop/java.awt.EventDispatchThread.pumpEvents(EventDispatchThread.java:109)
2024-10-14 22:36:41,105 [ERROR] LogOutputStream:75 - [STDERR_REDIRECT] 	at java.desktop/java.awt.EventDispatchThread.pumpEvents(EventDispatchThread.java:101)
2024-10-14 22:36:41,106 [ERROR] LogOutputStream:75 - [STDERR_REDIRECT] 	at java.desktop/java.awt.EventDispatchThread.run(EventDispatchThread.java:90)
